#-----------------------------------------------------------
# Vivado v2023.1 (64-bit)
# SW Build 3865809 on Sun May  7 15:05:29 MDT 2023
# IP Build 3864474 on Sun May  7 20:36:21 MDT 2023
# SharedData Build 3865790 on Sun May 07 13:33:03 MDT 2023
# Start of session at: Tue Dec 26 18:39:25 2023
# Process ID: 23440
# Current directory: C:/PRACTICAS SED/trabajo_def2
# Command line: vivado.exe -gui_launcher_event rodinguilauncherevent22884 C:\PRACTICAS SED\trabajo_def2\trabajo_def.xpr
# Log file: C:/PRACTICAS SED/trabajo_def2/vivado.log
# Journal file: C:/PRACTICAS SED/trabajo_def2\vivado.jou
# Running On: Alvaro, OS: Windows, CPU Frequency: 2803 MHz, CPU Physical cores: 4, Host memory: 16859 MB
#-----------------------------------------------------------
start_gui
open_project {C:/PRACTICAS SED/trabajo_def2/trabajo_def.xpr}
WARNING: [Board 49-26] cannot add Board Part digilentinc.com:arty-s7-25:part0:1.1 available at C:/VIVADO/Vivado/2023.1/data/boards/board_files/arty-s7-25/E.0/board.xml as part xc7s25csga324-1 specified in board_part file is either invalid or not available
WARNING: [Board 49-26] cannot add Board Part digilentinc.com:arty-s7-50:part0:1.1 available at C:/VIVADO/Vivado/2023.1/data/boards/board_files/arty-s7-50/B.0/board.xml as part xc7s50csga324-1 specified in board_part file is either invalid or not available
WARNING: [Board 49-26] cannot add Board Part digilentinc.com:arty-z7-10:part0:1.1 available at C:/VIVADO/Vivado/2023.1/data/boards/board_files/arty-z7-10/A.0/board.xml as part xc7z010clg400-1 specified in board_part file is either invalid or not available
WARNING: [Board 49-26] cannot add Board Part digilentinc.com:arty-z7-20:part0:1.1 available at C:/VIVADO/Vivado/2023.1/data/boards/board_files/arty-z7-20/A.0/board.xml as part xc7z020clg400-1 specified in board_part file is either invalid or not available
WARNING: [Board 49-26] cannot add Board Part digilentinc.com:cmod-s7-25:part0:1.0 available at C:/VIVADO/Vivado/2023.1/data/boards/board_files/cmod-s7-25/B.0/board.xml as part xc7s25csga225-1 specified in board_part file is either invalid or not available
WARNING: [Board 49-26] cannot add Board Part digilentinc.com:cora-z7-07s:part0:1.1 available at C:/VIVADO/Vivado/2023.1/data/boards/board_files/cora-z7-07s/B.0/board.xml as part xc7z007sclg400-1 specified in board_part file is either invalid or not available
WARNING: [Board 49-26] cannot add Board Part digilentinc.com:cora-z7-10:part0:1.1 available at C:/VIVADO/Vivado/2023.1/data/boards/board_files/cora-z7-10/B.0/board.xml as part xc7z010clg400-1 specified in board_part file is either invalid or not available
WARNING: [Board 49-26] cannot add Board Part digilentinc.com:eclypse-z7:part0:1.0 available at C:/VIVADO/Vivado/2023.1/data/boards/board_files/eclypse-z7/A.0/board.xml as part xc7z020clg484-1 specified in board_part file is either invalid or not available
WARNING: [Board 49-26] cannot add Board Part digilentinc.com:eclypse-z7:part0:1.1 available at C:/VIVADO/Vivado/2023.1/data/boards/board_files/eclypse-z7/B.0/board.xml as part xc7z020clg484-1 specified in board_part file is either invalid or not available
WARNING: [Board 49-26] cannot add Board Part digilentinc.com:genesys2:part0:1.1 available at C:/VIVADO/Vivado/2023.1/data/boards/board_files/genesys2/H/board.xml as part xc7k325tffg900-2 specified in board_part file is either invalid or not available
WARNING: [Board 49-26] cannot add Board Part digilentinc.com:gzu_3eg:part0:1.0 available at C:/VIVADO/Vivado/2023.1/data/boards/board_files/genesys-zu-3eg/B.0/board.xml as part xczu3eg-sfvc784-1-e specified in board_part file is either invalid or not available
WARNING: [Board 49-26] cannot add Board Part digilentinc.com:gzu_3eg:part0:1.1 available at C:/VIVADO/Vivado/2023.1/data/boards/board_files/genesys-zu-3eg/D.0/board.xml as part xczu3eg-sfvc784-1-e specified in board_part file is either invalid or not available
WARNING: [Board 49-26] cannot add Board Part digilentinc.com:gzu_5ev:part0:1.1 available at C:/VIVADO/Vivado/2023.1/data/boards/board_files/genesys-zu-5ev/C.0/board.xml as part xczu5ev-sfvc784-1-e specified in board_part file is either invalid or not available
WARNING: [Board 49-26] cannot add Board Part digilentinc.com:sword:part0:1.0 available at C:/VIVADO/Vivado/2023.1/data/boards/board_files/sword/C.0/board.xml as part xc7k325tffg900-2 specified in board_part file is either invalid or not available
WARNING: [Board 49-26] cannot add Board Part digilentinc.com:zedboard:part0:1.1 available at C:/VIVADO/Vivado/2023.1/data/boards/board_files/zedboard/1.3/board.xml as part xc7z020clg484-1 specified in board_part file is either invalid or not available
WARNING: [Board 49-26] cannot add Board Part digilentinc.com:zybo-z7-10:part0:1.2 available at C:/VIVADO/Vivado/2023.1/data/boards/board_files/zybo-z7-10/A.0/board.xml as part xc7z010clg400-1 specified in board_part file is either invalid or not available
WARNING: [Board 49-26] cannot add Board Part digilentinc.com:zybo-z7-20:part0:1.2 available at C:/VIVADO/Vivado/2023.1/data/boards/board_files/zybo-z7-20/A.0/board.xml as part xc7z020clg400-1 specified in board_part file is either invalid or not available
WARNING: [Board 49-26] cannot add Board Part digilentinc.com:zybo:part0:1.0 available at C:/VIVADO/Vivado/2023.1/data/boards/board_files/zybo/B.3/board.xml as part xc7z010clg400-1 specified in board_part file is either invalid or not available
WARNING: [Board 49-26] cannot add Board Part digilentinc.com:zybo:part0:2.0 available at C:/VIVADO/Vivado/2023.1/data/boards/board_files/zybo/B.4/board.xml as part xc7z010clg400-1 specified in board_part file is either invalid or not available
WARNING: [Board 49-26] cannot add Board Part xilinx.com:k26c:part0:1.2 available at C:/VIVADO/Vivado/2023.1/data/xhub/boards/XilinxBoardStore/boards/Xilinx/k26c/1.2/board.xml as part xck26-sfvc784-2lv-c specified in board_part file is either invalid or not available
WARNING: [Board 49-26] cannot add Board Part xilinx.com:k26c:part0:1.3 available at C:/VIVADO/Vivado/2023.1/data/xhub/boards/XilinxBoardStore/boards/Xilinx/k26c/1.3/board.xml as part xck26-sfvc784-2lv-c specified in board_part file is either invalid or not available
WARNING: [Board 49-26] cannot add Board Part xilinx.com:k26c:part0:1.4 available at C:/VIVADO/Vivado/2023.1/data/xhub/boards/XilinxBoardStore/boards/Xilinx/k26c/1.4/board.xml as part xck26-sfvc784-2lv-c specified in board_part file is either invalid or not available
WARNING: [Board 49-26] cannot add Board Part xilinx.com:k26i:part0:1.2 available at C:/VIVADO/Vivado/2023.1/data/xhub/boards/XilinxBoardStore/boards/Xilinx/k26i/1.2/board.xml as part xck26-sfvc784-2lvi-i specified in board_part file is either invalid or not available
WARNING: [Board 49-26] cannot add Board Part xilinx.com:k26i:part0:1.3 available at C:/VIVADO/Vivado/2023.1/data/xhub/boards/XilinxBoardStore/boards/Xilinx/k26i/1.3/board.xml as part xck26-sfvc784-2lvi-i specified in board_part file is either invalid or not available
WARNING: [Board 49-26] cannot add Board Part xilinx.com:k26i:part0:1.4 available at C:/VIVADO/Vivado/2023.1/data/xhub/boards/XilinxBoardStore/boards/Xilinx/k26i/1.4/board.xml as part xck26-sfvc784-2lvi-i specified in board_part file is either invalid or not available
WARNING: [Board 49-26] cannot add Board Part xilinx.com:kc705:part0:1.6 available at C:/VIVADO/Vivado/2023.1/data/xhub/boards/XilinxBoardStore/boards/Xilinx/kc705/1.6/board.xml as part xc7k325tffg900-2 specified in board_part file is either invalid or not available
WARNING: [Board 49-26] cannot add Board Part xilinx.com:kcu105:part0:1.6 available at C:/VIVADO/Vivado/2023.1/data/xhub/boards/XilinxBoardStore/boards/Xilinx/kcu105/1.6/board.xml as part xcku040-ffva1156-2-e specified in board_part file is either invalid or not available
WARNING: [Board 49-26] cannot add Board Part xilinx.com:kcu105:part0:1.7 available at C:/VIVADO/Vivado/2023.1/data/xhub/boards/XilinxBoardStore/boards/Xilinx/kcu105/1.7/board.xml as part xcku040-ffva1156-2-e specified in board_part file is either invalid or not available
WARNING: [Board 49-26] cannot add Board Part xilinx.com:kcu116:part0:1.4 available at C:/VIVADO/Vivado/2023.1/data/xhub/boards/XilinxBoardStore/boards/Xilinx/kcu116/1.4/board.xml as part xcku5p-ffvb676-2-e specified in board_part file is either invalid or not available
WARNING: [Board 49-26] cannot add Board Part xilinx.com:kcu116:part0:1.5 available at C:/VIVADO/Vivado/2023.1/data/xhub/boards/XilinxBoardStore/boards/Xilinx/kcu116/1.5/board.xml as part xcku5p-ffvb676-2-e specified in board_part file is either invalid or not available
WARNING: [Board 49-26] cannot add Board Part xilinx.com:kcu1500:part0:1.2 available at C:/VIVADO/Vivado/2023.1/data/xhub/boards/XilinxBoardStore/boards/Xilinx/kcu1500/1.2/board.xml as part xcku115-flvb2104-2-e specified in board_part file is either invalid or not available
WARNING: [Board 49-26] cannot add Board Part xilinx.com:kr260_som:part0:1.0 available at C:/VIVADO/Vivado/2023.1/data/xhub/boards/XilinxBoardStore/boards/Xilinx/kr260_som/1.0/board.xml as part xck26-sfvc784-2lv-c specified in board_part file is either invalid or not available
WARNING: [Board 49-26] cannot add Board Part xilinx.com:kr260_som:part0:1.1 available at C:/VIVADO/Vivado/2023.1/data/xhub/boards/XilinxBoardStore/boards/Xilinx/kr260_som/1.1/board.xml as part xck26-sfvc784-2lv-c specified in board_part file is either invalid or not available
WARNING: [Board 49-26] cannot add Board Part xilinx.com:kv260_som:part0:1.2 available at C:/VIVADO/Vivado/2023.1/data/xhub/boards/XilinxBoardStore/boards/Xilinx/kv260_som/1.2/board.xml as part xck26-sfvc784-2lv-c specified in board_part file is either invalid or not available
WARNING: [Board 49-26] cannot add Board Part xilinx.com:kv260_som:part0:1.3 available at C:/VIVADO/Vivado/2023.1/data/xhub/boards/XilinxBoardStore/boards/Xilinx/kv260_som/1.3/board.xml as part xck26-sfvc784-2lv-c specified in board_part file is either invalid or not available
WARNING: [Board 49-26] cannot add Board Part xilinx.com:kv260_som:part0:1.4 available at C:/VIVADO/Vivado/2023.1/data/xhub/boards/XilinxBoardStore/boards/Xilinx/kv260_som/1.4/board.xml as part xck26-sfvc784-2lv-c specified in board_part file is either invalid or not available
WARNING: [Board 49-26] cannot add Board Part xilinx.com:sp701:part0:1.0 available at C:/VIVADO/Vivado/2023.1/data/xhub/boards/XilinxBoardStore/boards/Xilinx/sp701/1.0/board.xml as part xc7s100fgga676-2 specified in board_part file is either invalid or not available
WARNING: [Board 49-26] cannot add Board Part xilinx.com:sp701:part0:1.1 available at C:/VIVADO/Vivado/2023.1/data/xhub/boards/XilinxBoardStore/boards/Xilinx/sp701/1.1/board.xml as part xc7s100fgga676-2 specified in board_part file is either invalid or not available
WARNING: [Board 49-26] cannot add Board Part xilinx.com:vc707:part0:1.4 available at C:/VIVADO/Vivado/2023.1/data/xhub/boards/XilinxBoardStore/boards/Xilinx/vc707/1.4/board.xml as part xc7vx485tffg1761-2 specified in board_part file is either invalid or not available
WARNING: [Board 49-26] cannot add Board Part xilinx.com:vc709:part0:1.8 available at C:/VIVADO/Vivado/2023.1/data/xhub/boards/XilinxBoardStore/boards/Xilinx/vc709/1.8/board.xml as part xc7vx690tffg1761-2 specified in board_part file is either invalid or not available
WARNING: [Board 49-26] cannot add Board Part xilinx.com:vck190:part0:2.2 available at C:/VIVADO/Vivado/2023.1/data/xhub/boards/XilinxBoardStore/boards/Xilinx/vck190/production/2.2/board.xml as part xcvc1902-vsva2197-2mp-e-s specified in board_part file is either invalid or not available
WARNING: [Board 49-26] cannot add Board Part xilinx.com:vck190:part0:3.0 available at C:/VIVADO/Vivado/2023.1/data/xhub/boards/XilinxBoardStore/boards/Xilinx/vck190/production/3.0/board.xml as part xcvc1902-vsva2197-2mp-e-s specified in board_part file is either invalid or not available
WARNING: [Board 49-26] cannot add Board Part xilinx.com:vck190:part0:3.1 available at C:/VIVADO/Vivado/2023.1/data/xhub/boards/XilinxBoardStore/boards/Xilinx/vck190/production/3.1/board.xml as part xcvc1902-vsva2197-2mp-e-s specified in board_part file is either invalid or not available
WARNING: [Board 49-26] cannot add Board Part xilinx.com:vck190:part0:3.2 available at C:/VIVADO/Vivado/2023.1/data/xhub/boards/XilinxBoardStore/boards/Xilinx/vck190/production/3.2/board.xml as part xcvc1902-vsva2197-2mp-e-s specified in board_part file is either invalid or not available
WARNING: [Board 49-26] cannot add Board Part xilinx.com:vck190_newl:part0:1.0 available at C:/VIVADO/Vivado/2023.1/data/xhub/boards/XilinxBoardStore/boards/Xilinx/vck190_newl/production/1.0/board.xml as part xcvc1902-vsva2197-2mp-e-s specified in board_part file is either invalid or not available
WARNING: [Board 49-26] cannot add Board Part xilinx.com:vck190_newl:part0:1.1 available at C:/VIVADO/Vivado/2023.1/data/xhub/boards/XilinxBoardStore/boards/Xilinx/vck190_newl/production/1.1/board.xml as part xcvc1902-vsva2197-2mp-e-s specified in board_part file is either invalid or not available
WARNING: [Board 49-26] cannot add Board Part xilinx.com:vcu108:part0:1.6 available at C:/VIVADO/Vivado/2023.1/data/xhub/boards/XilinxBoardStore/boards/Xilinx/vcu108/1.6/board.xml as part xcvu095-ffva2104-2-e specified in board_part file is either invalid or not available
WARNING: [Board 49-26] cannot add Board Part xilinx.com:vcu108:part0:1.7 available at C:/VIVADO/Vivado/2023.1/data/xhub/boards/XilinxBoardStore/boards/Xilinx/vcu108/1.7/board.xml as part xcvu095-ffva2104-2-e specified in board_part file is either invalid or not available
WARNING: [Board 49-26] cannot add Board Part xilinx.com:vcu110:part0:1.4 available at C:/VIVADO/Vivado/2023.1/data/xhub/boards/XilinxBoardStore/boards/Xilinx/vcu110/1.4/board.xml as part xcvu190-flgc2104-2-e specified in board_part file is either invalid or not available
WARNING: [Board 49-26] cannot add Board Part xilinx.com:vcu118:part0:2.0 available at C:/VIVADO/Vivado/2023.1/data/xhub/boards/XilinxBoardStore/boards/Xilinx/vcu118/2.0/board.xml as part xcvu9p-flga2104-2l-e specified in board_part file is either invalid or not available
WARNING: [Board 49-26] cannot add Board Part xilinx.com:vcu118:part0:2.3 available at C:/VIVADO/Vivado/2023.1/data/xhub/boards/XilinxBoardStore/boards/Xilinx/vcu118/2.3/board.xml as part xcvu9p-flga2104-2l-e specified in board_part file is either invalid or not available
WARNING: [Board 49-26] cannot add Board Part xilinx.com:vcu118:part0:2.4 available at C:/VIVADO/Vivado/2023.1/data/xhub/boards/XilinxBoardStore/boards/Xilinx/vcu118/2.4/board.xml as part xcvu9p-flga2104-2l-e specified in board_part file is either invalid or not available
WARNING: [Board 49-26] cannot add Board Part xilinx.com:vcu128:part0:1.0 available at C:/VIVADO/Vivado/2023.1/data/xhub/boards/XilinxBoardStore/boards/Xilinx/vcu128/production/1.0/board.xml as part xcvu37p-fsvh2892-2l-e specified in board_part file is either invalid or not available
WARNING: [Board 49-26] cannot add Board Part xilinx.com:vcu129:part0:1.0 available at C:/VIVADO/Vivado/2023.1/data/xhub/boards/XilinxBoardStore/boards/Xilinx/vcu129/production/1.0/board.xml as part xcvu29p-fsga2577-2l-e specified in board_part file is either invalid or not available
WARNING: [Board 49-26] cannot add Board Part xilinx.com:vcu1525:part0:1.3 available at C:/VIVADO/Vivado/2023.1/data/xhub/boards/XilinxBoardStore/boards/Xilinx/vcu1525/1.3/board.xml as part xcvu9p-fsgd2104-2l-e specified in board_part file is either invalid or not available
WARNING: [Board 49-26] cannot add Board Part xilinx.com:vek280_es:part0:1.0 available at C:/VIVADO/Vivado/2023.1/data/xhub/boards/XilinxBoardStore/boards/Xilinx/vek280/es/rev_a/1.0/board.xml as part xcve2802-vsvh1760-2lp-e-s-es1 specified in board_part file is either invalid or not available
WARNING: [Board 49-26] cannot add Board Part xilinx.com:vek280_es:part0:1.1 available at C:/VIVADO/Vivado/2023.1/data/xhub/boards/XilinxBoardStore/boards/Xilinx/vek280/es/rev_a/1.1/board.xml as part xcve2802-vsvh1760-2lp-e-s-es1 specified in board_part file is either invalid or not available
WARNING: [Board 49-26] cannot add Board Part xilinx.com:vek280_es_revb:part0:1.0 available at C:/VIVADO/Vivado/2023.1/data/xhub/boards/XilinxBoardStore/boards/Xilinx/vek280/es/rev_b/1.0/board.xml as part xcve2802-vsvh1760-2mp-e-s-es1 specified in board_part file is either invalid or not available
WARNING: [Board 49-26] cannot add Board Part xilinx.com:vek280_es_revb:part0:1.1 available at C:/VIVADO/Vivado/2023.1/data/xhub/boards/XilinxBoardStore/boards/Xilinx/vek280/es/rev_b/1.1/board.xml as part xcve2802-vsvh1760-2mp-e-s-es1 specified in board_part file is either invalid or not available
WARNING: [Board 49-26] cannot add Board Part xilinx.com:vermeo_t1_mpsoc:part0:1.0 available at C:/VIVADO/Vivado/2023.1/data/xhub/boards/XilinxBoardStore/boards/Xilinx/vermeo_t1_mpsoc/1.0/board.xml as part xczu19eg-ffvd1760-2l-e specified in board_part file is either invalid or not available
WARNING: [Board 49-26] cannot add Board Part xilinx.com:vermeo_t1_rfsoc:part0:1.0 available at C:/VIVADO/Vivado/2023.1/data/xhub/boards/XilinxBoardStore/boards/Xilinx/vermeo_t1_rfsoc/1.0/board.xml as part xczu21dr-ffvd1156-2l-e specified in board_part file is either invalid or not available
WARNING: [Board 49-26] cannot add Board Part xilinx.com:vhk158:part0:1.0 available at C:/VIVADO/Vivado/2023.1/data/xhub/boards/XilinxBoardStore/boards/Xilinx/vhk158/production/1.0/board.xml as part xcvh1582-vsva3697-2mp-e-s specified in board_part file is either invalid or not available
WARNING: [Board 49-26] cannot add Board Part xilinx.com:vhk158_es:part0:1.0 available at C:/VIVADO/Vivado/2023.1/data/xhub/boards/XilinxBoardStore/boards/Xilinx/vhk158/es/1.0/board.xml as part xcvh1582-vsva3697-2mp-e-s-es1 specified in board_part file is either invalid or not available
WARNING: [Board 49-26] cannot add Board Part xilinx.com:vhk158_es:part0:1.1 available at C:/VIVADO/Vivado/2023.1/data/xhub/boards/XilinxBoardStore/boards/Xilinx/vhk158/es/1.1/board.xml as part xcvh1582-vsva3697-2mp-e-s-es1 specified in board_part file is either invalid or not available
WARNING: [Board 49-26] cannot add Board Part xilinx.com:vmk180:part0:2.2 available at C:/VIVADO/Vivado/2023.1/data/xhub/boards/XilinxBoardStore/boards/Xilinx/vmk180/production/2.2/board.xml as part xcvm1802-vsva2197-2mp-e-s specified in board_part file is either invalid or not available
WARNING: [Board 49-26] cannot add Board Part xilinx.com:vmk180:part0:3.0 available at C:/VIVADO/Vivado/2023.1/data/xhub/boards/XilinxBoardStore/boards/Xilinx/vmk180/production/3.0/board.xml as part xcvm1802-vsva2197-2mp-e-s specified in board_part file is either invalid or not available
WARNING: [Board 49-26] cannot add Board Part xilinx.com:vmk180:part0:3.1 available at C:/VIVADO/Vivado/2023.1/data/xhub/boards/XilinxBoardStore/boards/Xilinx/vmk180/production/3.1/board.xml as part xcvm1802-vsva2197-2mp-e-s specified in board_part file is either invalid or not available
WARNING: [Board 49-26] cannot add Board Part xilinx.com:vmk180:part0:3.2 available at C:/VIVADO/Vivado/2023.1/data/xhub/boards/XilinxBoardStore/boards/Xilinx/vmk180/production/3.2/board.xml as part xcvm1802-vsva2197-2mp-e-s specified in board_part file is either invalid or not available
WARNING: [Board 49-26] cannot add Board Part xilinx.com:vmk180_newl:part0:1.0 available at C:/VIVADO/Vivado/2023.1/data/xhub/boards/XilinxBoardStore/boards/Xilinx/vmk180_newl/production/1.0/board.xml as part xcvm1802-vsva2197-2mp-e-s specified in board_part file is either invalid or not available
WARNING: [Board 49-26] cannot add Board Part xilinx.com:vmk180_newl:part0:1.1 available at C:/VIVADO/Vivado/2023.1/data/xhub/boards/XilinxBoardStore/boards/Xilinx/vmk180_newl/production/1.1/board.xml as part xcvm1802-vsva2197-2mp-e-s specified in board_part file is either invalid or not available
WARNING: [Board 49-26] cannot add Board Part xilinx.com:vpk120:part0:1.0 available at C:/VIVADO/Vivado/2023.1/data/xhub/boards/XilinxBoardStore/boards/Xilinx/vpk120/production/1.0/board.xml as part xcvp1202-vsva2785-2mp-e-s specified in board_part file is either invalid or not available
WARNING: [Board 49-26] cannot add Board Part xilinx.com:vpk120:part0:1.1 available at C:/VIVADO/Vivado/2023.1/data/xhub/boards/XilinxBoardStore/boards/Xilinx/vpk120/production/1.1/board.xml as part xcvp1202-vsva2785-2mp-e-s specified in board_part file is either invalid or not available
WARNING: [Board 49-26] cannot add Board Part xilinx.com:vpk120_es:part0:1.2 available at C:/VIVADO/Vivado/2023.1/data/xhub/boards/XilinxBoardStore/boards/Xilinx/vpk120/es/1.2/board.xml as part xcvp1202-vsva2785-2mp-e-s-es1 specified in board_part file is either invalid or not available
WARNING: [Board 49-26] cannot add Board Part xilinx.com:vpk120_es:part0:1.3 available at C:/VIVADO/Vivado/2023.1/data/xhub/boards/XilinxBoardStore/boards/Xilinx/vpk120/es/1.3/board.xml as part xcvp1202-vsva2785-2mp-e-s-es1 specified in board_part file is either invalid or not available
WARNING: [Board 49-26] cannot add Board Part xilinx.com:vpk120_es_revb:part0:1.0 available at C:/VIVADO/Vivado/2023.1/data/xhub/boards/XilinxBoardStore/boards/Xilinx/vpk120_revb/es/1.0/board.xml as part xcvp1202-vsva2785-2mp-e-s-es1 specified in board_part file is either invalid or not available
WARNING: [Board 49-26] cannot add Board Part xilinx.com:vpk120_es_revb:part0:1.1 available at C:/VIVADO/Vivado/2023.1/data/xhub/boards/XilinxBoardStore/boards/Xilinx/vpk120_revb/es/1.1/board.xml as part xcvp1202-vsva2785-2mp-e-s-es1 specified in board_part file is either invalid or not available
WARNING: [Board 49-26] cannot add Board Part xilinx.com:vpk180:part0:1.0 available at C:/VIVADO/Vivado/2023.1/data/xhub/boards/XilinxBoardStore/boards/Xilinx/vpk180/production/1.0/board.xml as part xcvp1802-lsvc4072-2mp-e-s specified in board_part file is either invalid or not available
WARNING: [Board 49-26] cannot add Board Part xilinx.com:vpk180:part0:1.1 available at C:/VIVADO/Vivado/2023.1/data/xhub/boards/XilinxBoardStore/boards/Xilinx/vpk180/production/1.1/board.xml as part xcvp1802-lsvc4072-2mp-e-s specified in board_part file is either invalid or not available
WARNING: [Board 49-26] cannot add Board Part xilinx.com:vpk180_es:part0:1.0 available at C:/VIVADO/Vivado/2023.1/data/xhub/boards/XilinxBoardStore/boards/Xilinx/vpk180/es/1.0/board.xml as part xcvp1802-lsvc4072-2mp-e-s-es1 specified in board_part file is either invalid or not available
WARNING: [Board 49-26] cannot add Board Part xilinx.com:vpk180_es:part0:1.1 available at C:/VIVADO/Vivado/2023.1/data/xhub/boards/XilinxBoardStore/boards/Xilinx/vpk180/es/1.1/board.xml as part xcvp1802-lsvc4072-2mp-e-s-es1 specified in board_part file is either invalid or not available
WARNING: [Board 49-26] cannot add Board Part xilinx.com:zc702:part0:1.4 available at C:/VIVADO/Vivado/2023.1/data/xhub/boards/XilinxBoardStore/boards/Xilinx/zc702/1.4/board.xml as part xc7z020clg484-1 specified in board_part file is either invalid or not available
WARNING: [Board 49-26] cannot add Board Part xilinx.com:zc706:part0:1.4 available at C:/VIVADO/Vivado/2023.1/data/xhub/boards/XilinxBoardStore/boards/Xilinx/zc706/1.4/board.xml as part xc7z045ffg900-2 specified in board_part file is either invalid or not available
WARNING: [Board 49-26] cannot add Board Part xilinx.com:zcu102:part0:3.3 available at C:/VIVADO/Vivado/2023.1/data/xhub/boards/XilinxBoardStore/boards/Xilinx/zcu102/3.3/board.xml as part xczu9eg-ffvb1156-2-e specified in board_part file is either invalid or not available
WARNING: [Board 49-26] cannot add Board Part xilinx.com:zcu102:part0:3.4 available at C:/VIVADO/Vivado/2023.1/data/xhub/boards/XilinxBoardStore/boards/Xilinx/zcu102/3.4/board.xml as part xczu9eg-ffvb1156-2-e specified in board_part file is either invalid or not available
WARNING: [Board 49-26] cannot add Board Part xilinx.com:zcu104:part0:1.1 available at C:/VIVADO/Vivado/2023.1/data/xhub/boards/XilinxBoardStore/boards/Xilinx/zcu104/1.1/board.xml as part xczu7ev-ffvc1156-2-e specified in board_part file is either invalid or not available
WARNING: [Board 49-26] cannot add Board Part xilinx.com:zcu106:part0:2.4 available at C:/VIVADO/Vivado/2023.1/data/xhub/boards/XilinxBoardStore/boards/Xilinx/zcu106/2.4/board.xml as part xczu7ev-ffvc1156-2-e specified in board_part file is either invalid or not available
WARNING: [Board 49-26] cannot add Board Part xilinx.com:zcu106:part0:2.5 available at C:/VIVADO/Vivado/2023.1/data/xhub/boards/XilinxBoardStore/boards/Xilinx/zcu106/2.5/board.xml as part xczu7ev-ffvc1156-2-e specified in board_part file is either invalid or not available
WARNING: [Board 49-26] cannot add Board Part xilinx.com:zcu106:part0:2.6 available at C:/VIVADO/Vivado/2023.1/data/xhub/boards/XilinxBoardStore/boards/Xilinx/zcu106/2.6/board.xml as part xczu7ev-ffvc1156-2-e specified in board_part file is either invalid or not available
WARNING: [Board 49-26] cannot add Board Part xilinx.com:zcu111:part0:1.2 available at C:/VIVADO/Vivado/2023.1/data/xhub/boards/XilinxBoardStore/boards/Xilinx/zcu111/1.2/board.xml as part xczu28dr-ffvg1517-2-e specified in board_part file is either invalid or not available
WARNING: [Board 49-26] cannot add Board Part xilinx.com:zcu111:part0:1.3 available at C:/VIVADO/Vivado/2023.1/data/xhub/boards/XilinxBoardStore/boards/Xilinx/zcu111/1.3/board.xml as part xczu28dr-ffvg1517-2-e specified in board_part file is either invalid or not available
WARNING: [Board 49-26] cannot add Board Part xilinx.com:zcu111:part0:1.4 available at C:/VIVADO/Vivado/2023.1/data/xhub/boards/XilinxBoardStore/boards/Xilinx/zcu111/1.4/board.xml as part xczu28dr-ffvg1517-2-e specified in board_part file is either invalid or not available
WARNING: [Board 49-26] cannot add Board Part xilinx.com:zcu1275:part0:1.0 available at C:/VIVADO/Vivado/2023.1/data/xhub/boards/XilinxBoardStore/boards/Xilinx/zcu1275/1.0/board.xml as part xczu29dr-ffvf1760-2-e specified in board_part file is either invalid or not available
WARNING: [Board 49-26] cannot add Board Part xilinx.com:zcu1285:part0:1.0 available at C:/VIVADO/Vivado/2023.1/data/xhub/boards/XilinxBoardStore/boards/Xilinx/zcu1285/1.0/board.xml as part xczu39dr-ffvf1760-2-i specified in board_part file is either invalid or not available
WARNING: [Board 49-26] cannot add Board Part xilinx.com:zcu208:part0:2.0 available at C:/VIVADO/Vivado/2023.1/data/xhub/boards/XilinxBoardStore/boards/Xilinx/zcu208/production/2.0/board.xml as part xczu48dr-fsvg1517-2-e specified in board_part file is either invalid or not available
WARNING: [Board 49-26] cannot add Board Part xilinx.com:zcu208ld:part0:2.0 available at C:/VIVADO/Vivado/2023.1/data/xhub/boards/XilinxBoardStore/boards/Xilinx/zcu208ld/production/2.0/board.xml as part xczu58dr-fsvg1517-2-i specified in board_part file is either invalid or not available
WARNING: [Board 49-26] cannot add Board Part xilinx.com:zcu216:part0:2.0 available at C:/VIVADO/Vivado/2023.1/data/xhub/boards/XilinxBoardStore/boards/Xilinx/zcu216/production/2.0/board.xml as part xczu49dr-ffvf1760-2-e specified in board_part file is either invalid or not available
WARNING: [Board 49-26] cannot add Board Part xilinx.com:zcu216ld:part0:2.0 available at C:/VIVADO/Vivado/2023.1/data/xhub/boards/XilinxBoardStore/boards/Xilinx/zcu216ld/production/2.0/board.xml as part xczu59dr-ffvf1760-2-i specified in board_part file is either invalid or not available
WARNING: [Board 49-26] cannot add Board Part xilinx.com:zcu670:part0:2.0 available at C:/VIVADO/Vivado/2023.1/data/xhub/boards/XilinxBoardStore/boards/Xilinx/zcu670/2.0/board.xml as part xczu67dr-fsve1156-2-i specified in board_part file is either invalid or not available
WARNING: [Board 49-26] cannot add Board Part xilinx.com:zcu670ld:part0:1.0 available at C:/VIVADO/Vivado/2023.1/data/xhub/boards/XilinxBoardStore/boards/Xilinx/zcu670ld/1.0/board.xml as part xczu57dr-fsve1156-2-i specified in board_part file is either invalid or not available
INFO: [filemgmt 56-3] Default IP Output Path : Could not find the directory 'C:/PRACTICAS SED/trabajo_def2/trabajo_def.gen/sources_1'.
Scanning sources...
Finished scanning sources
INFO: [IP_Flow 19-234] Refreshing IP repositories
INFO: [IP_Flow 19-1704] No user IP repositories specified
INFO: [IP_Flow 19-2313] Loaded Vivado IP repository 'C:/VIVADO/Vivado/2023.1/data/ip'.
open_project: Time (s): cpu = 00:00:13 ; elapsed = 00:00:09 . Memory (MB): peak = 1528.926 ; gain = 327.898
update_compile_order -fileset sources_1
synth_design -top TOP -part xc7a100tcsg324-1 -lint 
Command: synth_design -top TOP -part xc7a100tcsg324-1 -lint
Starting synth_design
Attempting to get a license for feature 'Synthesis' and/or device 'xc7a100t'
INFO: [Common 17-349] Got license for feature 'Synthesis' and/or device 'xc7a100t'
INFO: [Device 21-403] Loading part xc7a100tcsg324-1
---------------------------------------------------------------------------------
Starting RTL Elaboration : Time (s): cpu = 00:00:04 ; elapsed = 00:00:04 . Memory (MB): peak = 2293.438 ; gain = 393.543
---------------------------------------------------------------------------------
Clean up Linter database...
INFO: [Synth 8-638] synthesizing module 'TOP' [C:/PRACTICAS SED/trabajo_def2/trabajo_def.srcs/sources_1/new/TOP.vhd:19]
INFO: [Synth 8-3491] module 'Entradas' declared at 'C:/PRACTICAS SED/trabajo_def2/trabajo_def.srcs/sources_1/new/Entradas.vhd:5' bound to instance 'GestorEntradas1' of component 'Entradas' [C:/PRACTICAS SED/trabajo_def2/trabajo_def.srcs/sources_1/new/TOP.vhd:207]
INFO: [Synth 8-638] synthesizing module 'Entradas' [C:/PRACTICAS SED/trabajo_def2/trabajo_def.srcs/sources_1/new/Entradas.vhd:21]
INFO: [Synth 8-3491] module 'SINCRONIZADOR' declared at 'C:/PRACTICAS SED/trabajo_def2/trabajo_def.srcs/sources_1/new/SINCRONIZADOR.vhd:4' bound to instance 'Sincronizador1' of component 'SINCRONIZADOR' [C:/PRACTICAS SED/trabajo_def2/trabajo_def.srcs/sources_1/new/Entradas.vhd:48]
INFO: [Synth 8-638] synthesizing module 'SINCRONIZADOR' [C:/PRACTICAS SED/trabajo_def2/trabajo_def.srcs/sources_1/new/SINCRONIZADOR.vhd:12]
INFO: [Synth 8-256] done synthesizing module 'SINCRONIZADOR' (1#1) [C:/PRACTICAS SED/trabajo_def2/trabajo_def.srcs/sources_1/new/SINCRONIZADOR.vhd:12]
INFO: [Synth 8-3491] module 'FLANCO' declared at 'C:/PRACTICAS SED/trabajo_def2/trabajo_def.srcs/sources_1/new/FLANCO.vhd:4' bound to instance 'DetectorFlanco' of component 'FLANCO' [C:/PRACTICAS SED/trabajo_def2/trabajo_def.srcs/sources_1/new/Entradas.vhd:55]
INFO: [Synth 8-638] synthesizing module 'FLANCO' [C:/PRACTICAS SED/trabajo_def2/trabajo_def.srcs/sources_1/new/FLANCO.vhd:12]
INFO: [Synth 8-256] done synthesizing module 'FLANCO' (2#1) [C:/PRACTICAS SED/trabajo_def2/trabajo_def.srcs/sources_1/new/FLANCO.vhd:12]
INFO: [Synth 8-3491] module 'SINCRONIZADOR' declared at 'C:/PRACTICAS SED/trabajo_def2/trabajo_def.srcs/sources_1/new/SINCRONIZADOR.vhd:4' bound to instance 'Sincronizador2' of component 'SINCRONIZADOR' [C:/PRACTICAS SED/trabajo_def2/trabajo_def.srcs/sources_1/new/Entradas.vhd:62]
INFO: [Synth 8-3491] module 'FLANCO' declared at 'C:/PRACTICAS SED/trabajo_def2/trabajo_def.srcs/sources_1/new/FLANCO.vhd:4' bound to instance 'DetectorFlanco2' of component 'FLANCO' [C:/PRACTICAS SED/trabajo_def2/trabajo_def.srcs/sources_1/new/Entradas.vhd:69]
INFO: [Synth 8-3491] module 'SINCRONIZADOR' declared at 'C:/PRACTICAS SED/trabajo_def2/trabajo_def.srcs/sources_1/new/SINCRONIZADOR.vhd:4' bound to instance 'Sincronizador3' of component 'SINCRONIZADOR' [C:/PRACTICAS SED/trabajo_def2/trabajo_def.srcs/sources_1/new/Entradas.vhd:76]
INFO: [Synth 8-3491] module 'FLANCO' declared at 'C:/PRACTICAS SED/trabajo_def2/trabajo_def.srcs/sources_1/new/FLANCO.vhd:4' bound to instance 'DetectorFlanco3' of component 'FLANCO' [C:/PRACTICAS SED/trabajo_def2/trabajo_def.srcs/sources_1/new/Entradas.vhd:83]
INFO: [Synth 8-3491] module 'SINCRONIZADOR' declared at 'C:/PRACTICAS SED/trabajo_def2/trabajo_def.srcs/sources_1/new/SINCRONIZADOR.vhd:4' bound to instance 'Sincronizador4' of component 'SINCRONIZADOR' [C:/PRACTICAS SED/trabajo_def2/trabajo_def.srcs/sources_1/new/Entradas.vhd:90]
INFO: [Synth 8-3491] module 'FLANCO' declared at 'C:/PRACTICAS SED/trabajo_def2/trabajo_def.srcs/sources_1/new/FLANCO.vhd:4' bound to instance 'DetectorFlanco4' of component 'FLANCO' [C:/PRACTICAS SED/trabajo_def2/trabajo_def.srcs/sources_1/new/Entradas.vhd:97]
INFO: [Synth 8-3491] module 'SINCRONIZADOR' declared at 'C:/PRACTICAS SED/trabajo_def2/trabajo_def.srcs/sources_1/new/SINCRONIZADOR.vhd:4' bound to instance 'Sincronizador5' of component 'SINCRONIZADOR' [C:/PRACTICAS SED/trabajo_def2/trabajo_def.srcs/sources_1/new/Entradas.vhd:104]
INFO: [Synth 8-3491] module 'FLANCO' declared at 'C:/PRACTICAS SED/trabajo_def2/trabajo_def.srcs/sources_1/new/FLANCO.vhd:4' bound to instance 'DetectorFlanco5' of component 'FLANCO' [C:/PRACTICAS SED/trabajo_def2/trabajo_def.srcs/sources_1/new/Entradas.vhd:111]
INFO: [Synth 8-256] done synthesizing module 'Entradas' (3#1) [C:/PRACTICAS SED/trabajo_def2/trabajo_def.srcs/sources_1/new/Entradas.vhd:21]
INFO: [Synth 8-3491] module 'MaquinaEstados' declared at 'C:/PRACTICAS SED/trabajo_def2/trabajo_def.srcs/sources_1/new/MaquinaEstados.vhd:4' bound to instance 'MaquinaEstados1' of component 'MaquinaEstados' [C:/PRACTICAS SED/trabajo_def2/trabajo_def.srcs/sources_1/new/TOP.vhd:221]
INFO: [Synth 8-638] synthesizing module 'MaquinaEstados' [C:/PRACTICAS SED/trabajo_def2/trabajo_def.srcs/sources_1/new/MaquinaEstados.vhd:25]
INFO: [Synth 8-3491] module 'clk10kHz' declared at 'C:/PRACTICAS SED/trabajo_def2/trabajo_def.srcs/sources_1/new/clk10khz.vhd:4' bound to instance 'Inst_clk10khz' of component 'clk10khz' [C:/PRACTICAS SED/trabajo_def2/trabajo_def.srcs/sources_1/new/MaquinaEstados.vhd:37]
INFO: [Synth 8-638] synthesizing module 'clk10kHz' [C:/PRACTICAS SED/trabajo_def2/trabajo_def.srcs/sources_1/new/clk10khz.vhd:11]
INFO: [Synth 8-256] done synthesizing module 'clk10kHz' (4#1) [C:/PRACTICAS SED/trabajo_def2/trabajo_def.srcs/sources_1/new/clk10khz.vhd:11]
INFO: [Synth 8-226] default block is never used [C:/PRACTICAS SED/trabajo_def2/trabajo_def.srcs/sources_1/new/MaquinaEstados.vhd:54]
INFO: [Synth 8-256] done synthesizing module 'MaquinaEstados' (5#1) [C:/PRACTICAS SED/trabajo_def2/trabajo_def.srcs/sources_1/new/MaquinaEstados.vhd:25]
INFO: [Synth 8-3491] module 'Contador' declared at 'C:/PRACTICAS SED/trabajo_def2/trabajo_def.srcs/sources_1/new/Contador.vhd:6' bound to instance 'Crono1' of component 'Contador' [C:/PRACTICAS SED/trabajo_def2/trabajo_def.srcs/sources_1/new/TOP.vhd:240]
INFO: [Synth 8-638] synthesizing module 'Contador' [C:/PRACTICAS SED/trabajo_def2/trabajo_def.srcs/sources_1/new/Contador.vhd:27]
INFO: [Synth 8-3491] module 'clk1Hz' declared at 'C:/PRACTICAS SED/trabajo_def2/trabajo_def.srcs/sources_1/new/clk1hz.vhd:4' bound to instance 'Inst_clk1hz' of component 'clk1hz' [C:/PRACTICAS SED/trabajo_def2/trabajo_def.srcs/sources_1/new/Contador.vhd:41]
INFO: [Synth 8-638] synthesizing module 'clk1Hz' [C:/PRACTICAS SED/trabajo_def2/trabajo_def.srcs/sources_1/new/clk1hz.vhd:11]
INFO: [Synth 8-256] done synthesizing module 'clk1Hz' (6#1) [C:/PRACTICAS SED/trabajo_def2/trabajo_def.srcs/sources_1/new/clk1hz.vhd:11]
INFO: [Synth 8-256] done synthesizing module 'Contador' (7#1) [C:/PRACTICAS SED/trabajo_def2/trabajo_def.srcs/sources_1/new/Contador.vhd:27]
INFO: [Synth 8-3491] module 'Inverso' declared at 'C:/PRACTICAS SED/trabajo_def2/trabajo_def.srcs/sources_1/new/Inverso.vhd:5' bound to instance 'Inverso1' of component 'Inverso' [C:/PRACTICAS SED/trabajo_def2/trabajo_def.srcs/sources_1/new/TOP.vhd:256]
INFO: [Synth 8-638] synthesizing module 'Inverso' [C:/PRACTICAS SED/trabajo_def2/trabajo_def.srcs/sources_1/new/Inverso.vhd:26]
INFO: [Synth 8-3491] module 'clk1Hz' declared at 'C:/PRACTICAS SED/trabajo_def2/trabajo_def.srcs/sources_1/new/clk1hz.vhd:4' bound to instance 'Inst_clk1hz' of component 'clk1hz' [C:/PRACTICAS SED/trabajo_def2/trabajo_def.srcs/sources_1/new/Inverso.vhd:40]
INFO: [Synth 8-256] done synthesizing module 'Inverso' (8#1) [C:/PRACTICAS SED/trabajo_def2/trabajo_def.srcs/sources_1/new/Inverso.vhd:26]
INFO: [Synth 8-3491] module 'Demux' declared at 'C:/PRACTICAS SED/trabajo_def2/trabajo_def.srcs/sources_1/new/Demux.vhd:3' bound to instance 'DeMux1' of component 'Demux' [C:/PRACTICAS SED/trabajo_def2/trabajo_def.srcs/sources_1/new/TOP.vhd:272]
INFO: [Synth 8-638] synthesizing module 'Demux' [C:/PRACTICAS SED/trabajo_def2/trabajo_def.srcs/sources_1/new/Demux.vhd:46]
WARNING: [Synth 8-614] signal 'Display1_C' is read in the process but is not in the sensitivity list [C:/PRACTICAS SED/trabajo_def2/trabajo_def.srcs/sources_1/new/Demux.vhd:49]
WARNING: [Synth 8-614] signal 'Display2_C' is read in the process but is not in the sensitivity list [C:/PRACTICAS SED/trabajo_def2/trabajo_def.srcs/sources_1/new/Demux.vhd:49]
WARNING: [Synth 8-614] signal 'Display3_C' is read in the process but is not in the sensitivity list [C:/PRACTICAS SED/trabajo_def2/trabajo_def.srcs/sources_1/new/Demux.vhd:49]
WARNING: [Synth 8-614] signal 'Display4_C' is read in the process but is not in the sensitivity list [C:/PRACTICAS SED/trabajo_def2/trabajo_def.srcs/sources_1/new/Demux.vhd:49]
WARNING: [Synth 8-614] signal 'Display5_C' is read in the process but is not in the sensitivity list [C:/PRACTICAS SED/trabajo_def2/trabajo_def.srcs/sources_1/new/Demux.vhd:49]
WARNING: [Synth 8-614] signal 'Display6_C' is read in the process but is not in the sensitivity list [C:/PRACTICAS SED/trabajo_def2/trabajo_def.srcs/sources_1/new/Demux.vhd:49]
WARNING: [Synth 8-614] signal 'Display7_C' is read in the process but is not in the sensitivity list [C:/PRACTICAS SED/trabajo_def2/trabajo_def.srcs/sources_1/new/Demux.vhd:49]
WARNING: [Synth 8-614] signal 'Display8_C' is read in the process but is not in the sensitivity list [C:/PRACTICAS SED/trabajo_def2/trabajo_def.srcs/sources_1/new/Demux.vhd:49]
WARNING: [Synth 8-614] signal 'Display1_T' is read in the process but is not in the sensitivity list [C:/PRACTICAS SED/trabajo_def2/trabajo_def.srcs/sources_1/new/Demux.vhd:49]
WARNING: [Synth 8-614] signal 'Display2_T' is read in the process but is not in the sensitivity list [C:/PRACTICAS SED/trabajo_def2/trabajo_def.srcs/sources_1/new/Demux.vhd:49]
WARNING: [Synth 8-614] signal 'Display3_T' is read in the process but is not in the sensitivity list [C:/PRACTICAS SED/trabajo_def2/trabajo_def.srcs/sources_1/new/Demux.vhd:49]
WARNING: [Synth 8-614] signal 'Display4_T' is read in the process but is not in the sensitivity list [C:/PRACTICAS SED/trabajo_def2/trabajo_def.srcs/sources_1/new/Demux.vhd:49]
WARNING: [Synth 8-614] signal 'Display5_T' is read in the process but is not in the sensitivity list [C:/PRACTICAS SED/trabajo_def2/trabajo_def.srcs/sources_1/new/Demux.vhd:49]
WARNING: [Synth 8-614] signal 'Display6_T' is read in the process but is not in the sensitivity list [C:/PRACTICAS SED/trabajo_def2/trabajo_def.srcs/sources_1/new/Demux.vhd:49]
WARNING: [Synth 8-614] signal 'Display7_T' is read in the process but is not in the sensitivity list [C:/PRACTICAS SED/trabajo_def2/trabajo_def.srcs/sources_1/new/Demux.vhd:49]
WARNING: [Synth 8-614] signal 'Display8_T' is read in the process but is not in the sensitivity list [C:/PRACTICAS SED/trabajo_def2/trabajo_def.srcs/sources_1/new/Demux.vhd:49]
WARNING: [Synth 8-614] signal 'Display1_ME' is read in the process but is not in the sensitivity list [C:/PRACTICAS SED/trabajo_def2/trabajo_def.srcs/sources_1/new/Demux.vhd:49]
WARNING: [Synth 8-614] signal 'Display2_ME' is read in the process but is not in the sensitivity list [C:/PRACTICAS SED/trabajo_def2/trabajo_def.srcs/sources_1/new/Demux.vhd:49]
WARNING: [Synth 8-614] signal 'Display3_ME' is read in the process but is not in the sensitivity list [C:/PRACTICAS SED/trabajo_def2/trabajo_def.srcs/sources_1/new/Demux.vhd:49]
WARNING: [Synth 8-614] signal 'Display4_ME' is read in the process but is not in the sensitivity list [C:/PRACTICAS SED/trabajo_def2/trabajo_def.srcs/sources_1/new/Demux.vhd:49]
WARNING: [Synth 8-614] signal 'Display5_ME' is read in the process but is not in the sensitivity list [C:/PRACTICAS SED/trabajo_def2/trabajo_def.srcs/sources_1/new/Demux.vhd:49]
WARNING: [Synth 8-614] signal 'Display6_ME' is read in the process but is not in the sensitivity list [C:/PRACTICAS SED/trabajo_def2/trabajo_def.srcs/sources_1/new/Demux.vhd:49]
WARNING: [Synth 8-614] signal 'Display7_ME' is read in the process but is not in the sensitivity list [C:/PRACTICAS SED/trabajo_def2/trabajo_def.srcs/sources_1/new/Demux.vhd:49]
WARNING: [Synth 8-614] signal 'Display8_ME' is read in the process but is not in the sensitivity list [C:/PRACTICAS SED/trabajo_def2/trabajo_def.srcs/sources_1/new/Demux.vhd:49]
INFO: [Synth 8-256] done synthesizing module 'Demux' (9#1) [C:/PRACTICAS SED/trabajo_def2/trabajo_def.srcs/sources_1/new/Demux.vhd:46]
INFO: [Synth 8-3491] module 'Displays' declared at 'C:/PRACTICAS SED/trabajo_def2/trabajo_def.srcs/sources_1/new/Displays.vhd:5' bound to instance 'Dispalys1' of component 'Displays' [C:/PRACTICAS SED/trabajo_def2/trabajo_def.srcs/sources_1/new/TOP.vhd:316]
INFO: [Synth 8-638] synthesizing module 'Displays' [C:/PRACTICAS SED/trabajo_def2/trabajo_def.srcs/sources_1/new/Displays.vhd:24]
INFO: [Synth 8-3491] module 'clk10kHz' declared at 'C:/PRACTICAS SED/trabajo_def2/trabajo_def.srcs/sources_1/new/clk10khz.vhd:4' bound to instance 'Inst_clk10khz' of component 'clk10khz' [C:/PRACTICAS SED/trabajo_def2/trabajo_def.srcs/sources_1/new/Displays.vhd:56]
INFO: [Synth 8-3491] module 'deco' declared at 'C:/PRACTICAS SED/trabajo_def2/trabajo_def.srcs/sources_1/new/deco.vhd:6' bound to instance 'Inst_deco1' of component 'deco' [C:/PRACTICAS SED/trabajo_def2/trabajo_def.srcs/sources_1/new/Displays.vhd:62]
INFO: [Synth 8-638] synthesizing module 'deco' [C:/PRACTICAS SED/trabajo_def2/trabajo_def.srcs/sources_1/new/deco.vhd:13]
INFO: [Synth 8-256] done synthesizing module 'deco' (10#1) [C:/PRACTICAS SED/trabajo_def2/trabajo_def.srcs/sources_1/new/deco.vhd:13]
INFO: [Synth 8-3491] module 'deco' declared at 'C:/PRACTICAS SED/trabajo_def2/trabajo_def.srcs/sources_1/new/deco.vhd:6' bound to instance 'Inst_deco2' of component 'deco' [C:/PRACTICAS SED/trabajo_def2/trabajo_def.srcs/sources_1/new/Displays.vhd:66]
INFO: [Synth 8-3491] module 'deco' declared at 'C:/PRACTICAS SED/trabajo_def2/trabajo_def.srcs/sources_1/new/deco.vhd:6' bound to instance 'Inst_deco3' of component 'deco' [C:/PRACTICAS SED/trabajo_def2/trabajo_def.srcs/sources_1/new/Displays.vhd:70]
INFO: [Synth 8-3491] module 'deco' declared at 'C:/PRACTICAS SED/trabajo_def2/trabajo_def.srcs/sources_1/new/deco.vhd:6' bound to instance 'Inst_deco4' of component 'deco' [C:/PRACTICAS SED/trabajo_def2/trabajo_def.srcs/sources_1/new/Displays.vhd:74]
INFO: [Synth 8-3491] module 'deco' declared at 'C:/PRACTICAS SED/trabajo_def2/trabajo_def.srcs/sources_1/new/deco.vhd:6' bound to instance 'Inst_deco5' of component 'deco' [C:/PRACTICAS SED/trabajo_def2/trabajo_def.srcs/sources_1/new/Displays.vhd:78]
INFO: [Synth 8-3491] module 'deco' declared at 'C:/PRACTICAS SED/trabajo_def2/trabajo_def.srcs/sources_1/new/deco.vhd:6' bound to instance 'Inst_deco6' of component 'deco' [C:/PRACTICAS SED/trabajo_def2/trabajo_def.srcs/sources_1/new/Displays.vhd:82]
INFO: [Synth 8-3491] module 'deco' declared at 'C:/PRACTICAS SED/trabajo_def2/trabajo_def.srcs/sources_1/new/deco.vhd:6' bound to instance 'Inst_deco7' of component 'deco' [C:/PRACTICAS SED/trabajo_def2/trabajo_def.srcs/sources_1/new/Displays.vhd:86]
INFO: [Synth 8-3491] module 'deco' declared at 'C:/PRACTICAS SED/trabajo_def2/trabajo_def.srcs/sources_1/new/deco.vhd:6' bound to instance 'Inst_deco8' of component 'deco' [C:/PRACTICAS SED/trabajo_def2/trabajo_def.srcs/sources_1/new/Displays.vhd:90]
INFO: [Synth 8-256] done synthesizing module 'Displays' (11#1) [C:/PRACTICAS SED/trabajo_def2/trabajo_def.srcs/sources_1/new/Displays.vhd:24]
WARNING: [Synth 8-3848] Net led in module/entity TOP does not have driver. [C:/PRACTICAS SED/trabajo_def2/trabajo_def.srcs/sources_1/new/TOP.vhd:15]
INFO: [Synth 8-256] done synthesizing module 'TOP' (12#1) [C:/PRACTICAS SED/trabajo_def2/trabajo_def.srcs/sources_1/new/TOP.vhd:19]
---------------------------------------------------------------------------------
Finished RTL Elaboration : Time (s): cpu = 00:00:05 ; elapsed = 00:00:05 . Memory (MB): peak = 2390.121 ; gain = 490.227
---------------------------------------------------------------------------------
Copyright 1986-2022 Xilinx, Inc. All Rights Reserved. Copyright 2022-2023 Advanced Micro Devices, Inc. All Rights Reserved.
---------------------------------------------------------------------------------------------------------------------------------------------
| Tool Version : Vivado v.2023.1 (win64) Build 3865809 Sun May  7 15:05:29 MDT 2023
| Date         : Tue Dec 26 18:40:36 2023
| Host         : Alvaro running 64-bit major release  (build 9200)
---------------------------------------------------------------------------------------------------------------------------------------------

RTL Linter Report

Table of Contents
-----------------
1. Summary

1. Summary
----------

+----------+--------------+----------+
| Rule ID  | # Violations | # Waived |
+----------+--------------+----------+
| ASSIGN-5 | 3            | 0        |
| ASSIGN-6 | 2            | 0        |
| ASSIGN-9 | 1            | 0        |
| INFER-1  | 28           | 0        |
+----------+--------------+----------+


WARNING: [Synth 37-88] [INFER-1]Inferred latch found for Reset_i_reg. 
RTL Name 'Reset_i_reg', Hierarchy 'Contador', File 'C:/PRACTICAS SED/trabajo_def2/trabajo_def.srcs/sources_1/new/Contador.vhd', Line 51.
WARNING: [Synth 37-88] [INFER-1]Inferred latch found for Start_i_reg. 
RTL Name 'Start_i_reg', Hierarchy 'Contador', File 'C:/PRACTICAS SED/trabajo_def2/trabajo_def.srcs/sources_1/new/Contador.vhd', Line 50.
WARNING: [Synth 37-88] [INFER-1]Inferred latch found for display5_reg. 
RTL Name 'display5_reg', Hierarchy 'Contador', File 'C:/PRACTICAS SED/trabajo_def2/trabajo_def.srcs/sources_1/new/Contador.vhd', Line 109.
WARNING: [Synth 37-88] [INFER-1]Inferred latch found for display6_reg. 
RTL Name 'display6_reg', Hierarchy 'Contador', File 'C:/PRACTICAS SED/trabajo_def2/trabajo_def.srcs/sources_1/new/Contador.vhd', Line 108.
WARNING: [Synth 37-88] [INFER-1]Inferred latch found for display7_reg. 
RTL Name 'display7_reg', Hierarchy 'Contador', File 'C:/PRACTICAS SED/trabajo_def2/trabajo_def.srcs/sources_1/new/Contador.vhd', Line 107.
WARNING: [Synth 37-88] [INFER-1]Inferred latch found for display8_reg. 
RTL Name 'display8_reg', Hierarchy 'Contador', File 'C:/PRACTICAS SED/trabajo_def2/trabajo_def.srcs/sources_1/new/Contador.vhd', Line 106.
WARNING: [Synth 37-88] [INFER-1]Inferred latch found for Display1_reg. 
RTL Name 'Display1_reg', Hierarchy 'Demux', File 'C:/PRACTICAS SED/trabajo_def2/trabajo_def.srcs/sources_1/new/Demux.vhd', Line 52.
WARNING: [Synth 37-88] [INFER-1]Inferred latch found for Display2_reg. 
RTL Name 'Display2_reg', Hierarchy 'Demux', File 'C:/PRACTICAS SED/trabajo_def2/trabajo_def.srcs/sources_1/new/Demux.vhd', Line 53.
WARNING: [Synth 37-88] [INFER-1]Inferred latch found for Display3_reg. 
RTL Name 'Display3_reg', Hierarchy 'Demux', File 'C:/PRACTICAS SED/trabajo_def2/trabajo_def.srcs/sources_1/new/Demux.vhd', Line 54.
WARNING: [Synth 37-88] [INFER-1]Inferred latch found for Display4_reg. 
RTL Name 'Display4_reg', Hierarchy 'Demux', File 'C:/PRACTICAS SED/trabajo_def2/trabajo_def.srcs/sources_1/new/Demux.vhd', Line 55.
WARNING: [Synth 37-88] [INFER-1]Inferred latch found for Display5_reg. 
RTL Name 'Display5_reg', Hierarchy 'Demux', File 'C:/PRACTICAS SED/trabajo_def2/trabajo_def.srcs/sources_1/new/Demux.vhd', Line 56.
WARNING: [Synth 37-88] [INFER-1]Inferred latch found for Display6_reg. 
RTL Name 'Display6_reg', Hierarchy 'Demux', File 'C:/PRACTICAS SED/trabajo_def2/trabajo_def.srcs/sources_1/new/Demux.vhd', Line 57.
WARNING: [Synth 37-88] [INFER-1]Inferred latch found for Display7_reg. 
RTL Name 'Display7_reg', Hierarchy 'Demux', File 'C:/PRACTICAS SED/trabajo_def2/trabajo_def.srcs/sources_1/new/Demux.vhd', Line 58.
WARNING: [Synth 37-88] [INFER-1]Inferred latch found for Display8_reg. 
RTL Name 'Display8_reg', Hierarchy 'Demux', File 'C:/PRACTICAS SED/trabajo_def2/trabajo_def.srcs/sources_1/new/Demux.vhd', Line 59.
WARNING: [Synth 37-88] [INFER-1]Inferred latch found for Reset_i_reg. 
RTL Name 'Reset_i_reg', Hierarchy 'Inverso', File 'C:/PRACTICAS SED/trabajo_def2/trabajo_def.srcs/sources_1/new/Inverso.vhd', Line 50.
WARNING: [Synth 37-88] [INFER-1]Inferred latch found for Start_i_reg. 
RTL Name 'Start_i_reg', Hierarchy 'Inverso', File 'C:/PRACTICAS SED/trabajo_def2/trabajo_def.srcs/sources_1/new/Inverso.vhd', Line 49.
WARNING: [Synth 37-88] [INFER-1]Inferred latch found for display5_reg. 
RTL Name 'display5_reg', Hierarchy 'Inverso', File 'C:/PRACTICAS SED/trabajo_def2/trabajo_def.srcs/sources_1/new/Inverso.vhd', Line 108.
WARNING: [Synth 37-88] [INFER-1]Inferred latch found for display6_reg. 
RTL Name 'display6_reg', Hierarchy 'Inverso', File 'C:/PRACTICAS SED/trabajo_def2/trabajo_def.srcs/sources_1/new/Inverso.vhd', Line 107.
WARNING: [Synth 37-88] [INFER-1]Inferred latch found for display7_reg. 
RTL Name 'display7_reg', Hierarchy 'Inverso', File 'C:/PRACTICAS SED/trabajo_def2/trabajo_def.srcs/sources_1/new/Inverso.vhd', Line 106.
WARNING: [Synth 37-88] [INFER-1]Inferred latch found for display8_reg. 
RTL Name 'display8_reg', Hierarchy 'Inverso', File 'C:/PRACTICAS SED/trabajo_def2/trabajo_def.srcs/sources_1/new/Inverso.vhd', Line 105.
WARNING: [Synth 37-93] [ASSIGN-6]Signal 'clk_10khz' was assigned but not read. 
RTL Name 'clk_10khz', Hierarchy 'MaquinaEstados', File 'C:/PRACTICAS SED/trabajo_def2/trabajo_def.srcs/sources_1/new/MaquinaEstados.vhd', Line 28.
WARNING: [Synth 37-88] [INFER-1]Inferred latch found for display1_reg. 
RTL Name 'display1_reg', Hierarchy 'MaquinaEstados', File 'C:/PRACTICAS SED/trabajo_def2/trabajo_def.srcs/sources_1/new/MaquinaEstados.vhd', Line 83.
WARNING: [Synth 37-88] [INFER-1]Inferred latch found for display2_reg. 
RTL Name 'display2_reg', Hierarchy 'MaquinaEstados', File 'C:/PRACTICAS SED/trabajo_def2/trabajo_def.srcs/sources_1/new/MaquinaEstados.vhd', Line 84.
WARNING: [Synth 37-88] [INFER-1]Inferred latch found for display3_reg. 
RTL Name 'display3_reg', Hierarchy 'MaquinaEstados', File 'C:/PRACTICAS SED/trabajo_def2/trabajo_def.srcs/sources_1/new/MaquinaEstados.vhd', Line 85.
WARNING: [Synth 37-88] [INFER-1]Inferred latch found for display4_reg. 
RTL Name 'display4_reg', Hierarchy 'MaquinaEstados', File 'C:/PRACTICAS SED/trabajo_def2/trabajo_def.srcs/sources_1/new/MaquinaEstados.vhd', Line 86.
WARNING: [Synth 37-88] [INFER-1]Inferred latch found for display5_reg. 
RTL Name 'display5_reg', Hierarchy 'MaquinaEstados', File 'C:/PRACTICAS SED/trabajo_def2/trabajo_def.srcs/sources_1/new/MaquinaEstados.vhd', Line 87.
WARNING: [Synth 37-88] [INFER-1]Inferred latch found for display6_reg. 
RTL Name 'display6_reg', Hierarchy 'MaquinaEstados', File 'C:/PRACTICAS SED/trabajo_def2/trabajo_def.srcs/sources_1/new/MaquinaEstados.vhd', Line 88.
WARNING: [Synth 37-88] [INFER-1]Inferred latch found for display7_reg. 
RTL Name 'display7_reg', Hierarchy 'MaquinaEstados', File 'C:/PRACTICAS SED/trabajo_def2/trabajo_def.srcs/sources_1/new/MaquinaEstados.vhd', Line 89.
WARNING: [Synth 37-88] [INFER-1]Inferred latch found for display8_reg. 
RTL Name 'display8_reg', Hierarchy 'MaquinaEstados', File 'C:/PRACTICAS SED/trabajo_def2/trabajo_def.srcs/sources_1/new/MaquinaEstados.vhd', Line 90.
WARNING: [Synth 37-95] [ASSIGN-5]Found scalar variable(s) 'sync_auxINICIO' declared and are not set.
RTL Name 'sync_auxINICIO', Hierarchy 'TOP', File 'C:/PRACTICAS SED/trabajo_def2/trabajo_def.srcs/sources_1/new/TOP.vhd', Line 21.
WARNING: [Synth 37-95] [ASSIGN-5]Found scalar variable(s) 'sync_auxSTOP' declared and are not set.
RTL Name 'sync_auxSTOP', Hierarchy 'TOP', File 'C:/PRACTICAS SED/trabajo_def2/trabajo_def.srcs/sources_1/new/TOP.vhd', Line 22.
WARNING: [Synth 37-95] [ASSIGN-5]Found scalar variable(s) 'sync_auxZERO' declared and are not set.
RTL Name 'sync_auxZERO', Hierarchy 'TOP', File 'C:/PRACTICAS SED/trabajo_def2/trabajo_def.srcs/sources_1/new/TOP.vhd', Line 23.
WARNING: [Synth 37-93] [ASSIGN-6]Signal 'Reset_aux' was assigned but not read. 
RTL Name 'Reset_aux', Hierarchy 'TOP', File 'C:/PRACTICAS SED/trabajo_def2/trabajo_def.srcs/sources_1/new/TOP.vhd', Line 28.
WARNING: [Synth 37-101] [ASSIGN-9]All bits in IO 'led' are not set. First unset bit index is 0. 
RTL Name 'led', Hierarchy 'TOP', File 'C:/PRACTICAS SED/trabajo_def2/trabajo_def.srcs/sources_1/new/TOP.vhd', Line 15.
INFO: [Synth 37-85] Total of 34 linter message(s) generated.
INFO: [Synth 37-45] Linter Run Finished!
Netlist sorting complete. Time (s): cpu = 00:00:00 ; elapsed = 00:00:00.006 . Memory (MB): peak = 2390.121 ; gain = 0.000
INFO: [Project 1-570] Preparing netlist for logic optimization

Processing XDC Constraints
Initializing timing engine
Parsing XDC File [C:/PRACTICAS SED/trabajo_def2/trabajo_def.srcs/constrs_1/imports/PRACTICAS SED/Nexys-4-DDR-Master.xdc]
Finished Parsing XDC File [C:/PRACTICAS SED/trabajo_def2/trabajo_def.srcs/constrs_1/imports/PRACTICAS SED/Nexys-4-DDR-Master.xdc]
Completed Processing XDC Constraints

INFO: [Opt 31-138] Pushed 0 inverter(s) to 0 load pin(s).
Netlist sorting complete. Time (s): cpu = 00:00:00 ; elapsed = 00:00:00 . Memory (MB): peak = 2485.453 ; gain = 0.000
INFO: [Common 17-83] Releasing license: Synthesis
60 Infos, 59 Warnings, 0 Critical Warnings and 0 Errors encountered.
synth_design completed successfully
synth_design: Time (s): cpu = 00:00:09 ; elapsed = 00:00:15 . Memory (MB): peak = 2485.453 ; gain = 952.266
synth_design -rtl -rtl_skip_mlo -name rtl_1
Command: synth_design -rtl -rtl_skip_mlo -name rtl_1
Starting synth_design
Using part: xc7a100tcsg324-1
Top: TOP
---------------------------------------------------------------------------------
Starting RTL Elaboration : Time (s): cpu = 00:00:04 ; elapsed = 00:00:04 . Memory (MB): peak = 2485.453 ; gain = 0.000
---------------------------------------------------------------------------------
INFO: [Synth 8-638] synthesizing module 'TOP' [C:/PRACTICAS SED/trabajo_def2/trabajo_def.srcs/sources_1/new/TOP.vhd:19]
INFO: [Synth 8-3491] module 'Entradas' declared at 'C:/PRACTICAS SED/trabajo_def2/trabajo_def.srcs/sources_1/new/Entradas.vhd:5' bound to instance 'GestorEntradas1' of component 'Entradas' [C:/PRACTICAS SED/trabajo_def2/trabajo_def.srcs/sources_1/new/TOP.vhd:207]
INFO: [Synth 8-638] synthesizing module 'Entradas' [C:/PRACTICAS SED/trabajo_def2/trabajo_def.srcs/sources_1/new/Entradas.vhd:21]
INFO: [Synth 8-3491] module 'SINCRONIZADOR' declared at 'C:/PRACTICAS SED/trabajo_def2/trabajo_def.srcs/sources_1/new/SINCRONIZADOR.vhd:4' bound to instance 'Sincronizador1' of component 'SINCRONIZADOR' [C:/PRACTICAS SED/trabajo_def2/trabajo_def.srcs/sources_1/new/Entradas.vhd:48]
INFO: [Synth 8-638] synthesizing module 'SINCRONIZADOR' [C:/PRACTICAS SED/trabajo_def2/trabajo_def.srcs/sources_1/new/SINCRONIZADOR.vhd:12]
INFO: [Synth 8-256] done synthesizing module 'SINCRONIZADOR' (0#1) [C:/PRACTICAS SED/trabajo_def2/trabajo_def.srcs/sources_1/new/SINCRONIZADOR.vhd:12]
INFO: [Synth 8-3491] module 'FLANCO' declared at 'C:/PRACTICAS SED/trabajo_def2/trabajo_def.srcs/sources_1/new/FLANCO.vhd:4' bound to instance 'DetectorFlanco' of component 'FLANCO' [C:/PRACTICAS SED/trabajo_def2/trabajo_def.srcs/sources_1/new/Entradas.vhd:55]
INFO: [Synth 8-638] synthesizing module 'FLANCO' [C:/PRACTICAS SED/trabajo_def2/trabajo_def.srcs/sources_1/new/FLANCO.vhd:12]
INFO: [Synth 8-256] done synthesizing module 'FLANCO' (0#1) [C:/PRACTICAS SED/trabajo_def2/trabajo_def.srcs/sources_1/new/FLANCO.vhd:12]
INFO: [Synth 8-3491] module 'SINCRONIZADOR' declared at 'C:/PRACTICAS SED/trabajo_def2/trabajo_def.srcs/sources_1/new/SINCRONIZADOR.vhd:4' bound to instance 'Sincronizador2' of component 'SINCRONIZADOR' [C:/PRACTICAS SED/trabajo_def2/trabajo_def.srcs/sources_1/new/Entradas.vhd:62]
INFO: [Synth 8-3491] module 'FLANCO' declared at 'C:/PRACTICAS SED/trabajo_def2/trabajo_def.srcs/sources_1/new/FLANCO.vhd:4' bound to instance 'DetectorFlanco2' of component 'FLANCO' [C:/PRACTICAS SED/trabajo_def2/trabajo_def.srcs/sources_1/new/Entradas.vhd:69]
INFO: [Synth 8-3491] module 'SINCRONIZADOR' declared at 'C:/PRACTICAS SED/trabajo_def2/trabajo_def.srcs/sources_1/new/SINCRONIZADOR.vhd:4' bound to instance 'Sincronizador3' of component 'SINCRONIZADOR' [C:/PRACTICAS SED/trabajo_def2/trabajo_def.srcs/sources_1/new/Entradas.vhd:76]
INFO: [Synth 8-3491] module 'FLANCO' declared at 'C:/PRACTICAS SED/trabajo_def2/trabajo_def.srcs/sources_1/new/FLANCO.vhd:4' bound to instance 'DetectorFlanco3' of component 'FLANCO' [C:/PRACTICAS SED/trabajo_def2/trabajo_def.srcs/sources_1/new/Entradas.vhd:83]
INFO: [Synth 8-3491] module 'SINCRONIZADOR' declared at 'C:/PRACTICAS SED/trabajo_def2/trabajo_def.srcs/sources_1/new/SINCRONIZADOR.vhd:4' bound to instance 'Sincronizador4' of component 'SINCRONIZADOR' [C:/PRACTICAS SED/trabajo_def2/trabajo_def.srcs/sources_1/new/Entradas.vhd:90]
INFO: [Synth 8-3491] module 'FLANCO' declared at 'C:/PRACTICAS SED/trabajo_def2/trabajo_def.srcs/sources_1/new/FLANCO.vhd:4' bound to instance 'DetectorFlanco4' of component 'FLANCO' [C:/PRACTICAS SED/trabajo_def2/trabajo_def.srcs/sources_1/new/Entradas.vhd:97]
INFO: [Synth 8-3491] module 'SINCRONIZADOR' declared at 'C:/PRACTICAS SED/trabajo_def2/trabajo_def.srcs/sources_1/new/SINCRONIZADOR.vhd:4' bound to instance 'Sincronizador5' of component 'SINCRONIZADOR' [C:/PRACTICAS SED/trabajo_def2/trabajo_def.srcs/sources_1/new/Entradas.vhd:104]
INFO: [Synth 8-3491] module 'FLANCO' declared at 'C:/PRACTICAS SED/trabajo_def2/trabajo_def.srcs/sources_1/new/FLANCO.vhd:4' bound to instance 'DetectorFlanco5' of component 'FLANCO' [C:/PRACTICAS SED/trabajo_def2/trabajo_def.srcs/sources_1/new/Entradas.vhd:111]
INFO: [Synth 8-256] done synthesizing module 'Entradas' (0#1) [C:/PRACTICAS SED/trabajo_def2/trabajo_def.srcs/sources_1/new/Entradas.vhd:21]
INFO: [Synth 8-3491] module 'MaquinaEstados' declared at 'C:/PRACTICAS SED/trabajo_def2/trabajo_def.srcs/sources_1/new/MaquinaEstados.vhd:4' bound to instance 'MaquinaEstados1' of component 'MaquinaEstados' [C:/PRACTICAS SED/trabajo_def2/trabajo_def.srcs/sources_1/new/TOP.vhd:221]
INFO: [Synth 8-638] synthesizing module 'MaquinaEstados' [C:/PRACTICAS SED/trabajo_def2/trabajo_def.srcs/sources_1/new/MaquinaEstados.vhd:25]
INFO: [Synth 8-3491] module 'clk10kHz' declared at 'C:/PRACTICAS SED/trabajo_def2/trabajo_def.srcs/sources_1/new/clk10khz.vhd:4' bound to instance 'Inst_clk10khz' of component 'clk10khz' [C:/PRACTICAS SED/trabajo_def2/trabajo_def.srcs/sources_1/new/MaquinaEstados.vhd:37]
INFO: [Synth 8-638] synthesizing module 'clk10kHz' [C:/PRACTICAS SED/trabajo_def2/trabajo_def.srcs/sources_1/new/clk10khz.vhd:11]
INFO: [Synth 8-256] done synthesizing module 'clk10kHz' (0#1) [C:/PRACTICAS SED/trabajo_def2/trabajo_def.srcs/sources_1/new/clk10khz.vhd:11]
INFO: [Synth 8-226] default block is never used [C:/PRACTICAS SED/trabajo_def2/trabajo_def.srcs/sources_1/new/MaquinaEstados.vhd:54]
INFO: [Synth 8-256] done synthesizing module 'MaquinaEstados' (0#1) [C:/PRACTICAS SED/trabajo_def2/trabajo_def.srcs/sources_1/new/MaquinaEstados.vhd:25]
INFO: [Synth 8-3491] module 'Contador' declared at 'C:/PRACTICAS SED/trabajo_def2/trabajo_def.srcs/sources_1/new/Contador.vhd:6' bound to instance 'Crono1' of component 'Contador' [C:/PRACTICAS SED/trabajo_def2/trabajo_def.srcs/sources_1/new/TOP.vhd:240]
INFO: [Synth 8-638] synthesizing module 'Contador' [C:/PRACTICAS SED/trabajo_def2/trabajo_def.srcs/sources_1/new/Contador.vhd:27]
INFO: [Synth 8-3491] module 'clk1Hz' declared at 'C:/PRACTICAS SED/trabajo_def2/trabajo_def.srcs/sources_1/new/clk1hz.vhd:4' bound to instance 'Inst_clk1hz' of component 'clk1hz' [C:/PRACTICAS SED/trabajo_def2/trabajo_def.srcs/sources_1/new/Contador.vhd:41]
INFO: [Synth 8-638] synthesizing module 'clk1Hz' [C:/PRACTICAS SED/trabajo_def2/trabajo_def.srcs/sources_1/new/clk1hz.vhd:11]
INFO: [Synth 8-256] done synthesizing module 'clk1Hz' (0#1) [C:/PRACTICAS SED/trabajo_def2/trabajo_def.srcs/sources_1/new/clk1hz.vhd:11]
INFO: [Synth 8-256] done synthesizing module 'Contador' (0#1) [C:/PRACTICAS SED/trabajo_def2/trabajo_def.srcs/sources_1/new/Contador.vhd:27]
INFO: [Synth 8-3491] module 'Inverso' declared at 'C:/PRACTICAS SED/trabajo_def2/trabajo_def.srcs/sources_1/new/Inverso.vhd:5' bound to instance 'Inverso1' of component 'Inverso' [C:/PRACTICAS SED/trabajo_def2/trabajo_def.srcs/sources_1/new/TOP.vhd:256]
INFO: [Synth 8-638] synthesizing module 'Inverso' [C:/PRACTICAS SED/trabajo_def2/trabajo_def.srcs/sources_1/new/Inverso.vhd:26]
INFO: [Synth 8-3491] module 'clk1Hz' declared at 'C:/PRACTICAS SED/trabajo_def2/trabajo_def.srcs/sources_1/new/clk1hz.vhd:4' bound to instance 'Inst_clk1hz' of component 'clk1hz' [C:/PRACTICAS SED/trabajo_def2/trabajo_def.srcs/sources_1/new/Inverso.vhd:40]
INFO: [Synth 8-256] done synthesizing module 'Inverso' (0#1) [C:/PRACTICAS SED/trabajo_def2/trabajo_def.srcs/sources_1/new/Inverso.vhd:26]
INFO: [Synth 8-3491] module 'Demux' declared at 'C:/PRACTICAS SED/trabajo_def2/trabajo_def.srcs/sources_1/new/Demux.vhd:3' bound to instance 'DeMux1' of component 'Demux' [C:/PRACTICAS SED/trabajo_def2/trabajo_def.srcs/sources_1/new/TOP.vhd:272]
INFO: [Synth 8-638] synthesizing module 'Demux' [C:/PRACTICAS SED/trabajo_def2/trabajo_def.srcs/sources_1/new/Demux.vhd:46]
WARNING: [Synth 8-614] signal 'Display1_C' is read in the process but is not in the sensitivity list [C:/PRACTICAS SED/trabajo_def2/trabajo_def.srcs/sources_1/new/Demux.vhd:49]
WARNING: [Synth 8-614] signal 'Display2_C' is read in the process but is not in the sensitivity list [C:/PRACTICAS SED/trabajo_def2/trabajo_def.srcs/sources_1/new/Demux.vhd:49]
WARNING: [Synth 8-614] signal 'Display3_C' is read in the process but is not in the sensitivity list [C:/PRACTICAS SED/trabajo_def2/trabajo_def.srcs/sources_1/new/Demux.vhd:49]
WARNING: [Synth 8-614] signal 'Display4_C' is read in the process but is not in the sensitivity list [C:/PRACTICAS SED/trabajo_def2/trabajo_def.srcs/sources_1/new/Demux.vhd:49]
WARNING: [Synth 8-614] signal 'Display5_C' is read in the process but is not in the sensitivity list [C:/PRACTICAS SED/trabajo_def2/trabajo_def.srcs/sources_1/new/Demux.vhd:49]
WARNING: [Synth 8-614] signal 'Display6_C' is read in the process but is not in the sensitivity list [C:/PRACTICAS SED/trabajo_def2/trabajo_def.srcs/sources_1/new/Demux.vhd:49]
WARNING: [Synth 8-614] signal 'Display7_C' is read in the process but is not in the sensitivity list [C:/PRACTICAS SED/trabajo_def2/trabajo_def.srcs/sources_1/new/Demux.vhd:49]
WARNING: [Synth 8-614] signal 'Display8_C' is read in the process but is not in the sensitivity list [C:/PRACTICAS SED/trabajo_def2/trabajo_def.srcs/sources_1/new/Demux.vhd:49]
WARNING: [Synth 8-614] signal 'Display1_T' is read in the process but is not in the sensitivity list [C:/PRACTICAS SED/trabajo_def2/trabajo_def.srcs/sources_1/new/Demux.vhd:49]
WARNING: [Synth 8-614] signal 'Display2_T' is read in the process but is not in the sensitivity list [C:/PRACTICAS SED/trabajo_def2/trabajo_def.srcs/sources_1/new/Demux.vhd:49]
WARNING: [Synth 8-614] signal 'Display3_T' is read in the process but is not in the sensitivity list [C:/PRACTICAS SED/trabajo_def2/trabajo_def.srcs/sources_1/new/Demux.vhd:49]
WARNING: [Synth 8-614] signal 'Display4_T' is read in the process but is not in the sensitivity list [C:/PRACTICAS SED/trabajo_def2/trabajo_def.srcs/sources_1/new/Demux.vhd:49]
WARNING: [Synth 8-614] signal 'Display5_T' is read in the process but is not in the sensitivity list [C:/PRACTICAS SED/trabajo_def2/trabajo_def.srcs/sources_1/new/Demux.vhd:49]
WARNING: [Synth 8-614] signal 'Display6_T' is read in the process but is not in the sensitivity list [C:/PRACTICAS SED/trabajo_def2/trabajo_def.srcs/sources_1/new/Demux.vhd:49]
WARNING: [Synth 8-614] signal 'Display7_T' is read in the process but is not in the sensitivity list [C:/PRACTICAS SED/trabajo_def2/trabajo_def.srcs/sources_1/new/Demux.vhd:49]
WARNING: [Synth 8-614] signal 'Display8_T' is read in the process but is not in the sensitivity list [C:/PRACTICAS SED/trabajo_def2/trabajo_def.srcs/sources_1/new/Demux.vhd:49]
WARNING: [Synth 8-614] signal 'Display1_ME' is read in the process but is not in the sensitivity list [C:/PRACTICAS SED/trabajo_def2/trabajo_def.srcs/sources_1/new/Demux.vhd:49]
WARNING: [Synth 8-614] signal 'Display2_ME' is read in the process but is not in the sensitivity list [C:/PRACTICAS SED/trabajo_def2/trabajo_def.srcs/sources_1/new/Demux.vhd:49]
WARNING: [Synth 8-614] signal 'Display3_ME' is read in the process but is not in the sensitivity list [C:/PRACTICAS SED/trabajo_def2/trabajo_def.srcs/sources_1/new/Demux.vhd:49]
WARNING: [Synth 8-614] signal 'Display4_ME' is read in the process but is not in the sensitivity list [C:/PRACTICAS SED/trabajo_def2/trabajo_def.srcs/sources_1/new/Demux.vhd:49]
WARNING: [Synth 8-614] signal 'Display5_ME' is read in the process but is not in the sensitivity list [C:/PRACTICAS SED/trabajo_def2/trabajo_def.srcs/sources_1/new/Demux.vhd:49]
WARNING: [Synth 8-614] signal 'Display6_ME' is read in the process but is not in the sensitivity list [C:/PRACTICAS SED/trabajo_def2/trabajo_def.srcs/sources_1/new/Demux.vhd:49]
WARNING: [Synth 8-614] signal 'Display7_ME' is read in the process but is not in the sensitivity list [C:/PRACTICAS SED/trabajo_def2/trabajo_def.srcs/sources_1/new/Demux.vhd:49]
WARNING: [Synth 8-614] signal 'Display8_ME' is read in the process but is not in the sensitivity list [C:/PRACTICAS SED/trabajo_def2/trabajo_def.srcs/sources_1/new/Demux.vhd:49]
INFO: [Synth 8-256] done synthesizing module 'Demux' (0#1) [C:/PRACTICAS SED/trabajo_def2/trabajo_def.srcs/sources_1/new/Demux.vhd:46]
INFO: [Synth 8-3491] module 'Displays' declared at 'C:/PRACTICAS SED/trabajo_def2/trabajo_def.srcs/sources_1/new/Displays.vhd:5' bound to instance 'Dispalys1' of component 'Displays' [C:/PRACTICAS SED/trabajo_def2/trabajo_def.srcs/sources_1/new/TOP.vhd:316]
INFO: [Synth 8-638] synthesizing module 'Displays' [C:/PRACTICAS SED/trabajo_def2/trabajo_def.srcs/sources_1/new/Displays.vhd:24]
INFO: [Synth 8-3491] module 'clk10kHz' declared at 'C:/PRACTICAS SED/trabajo_def2/trabajo_def.srcs/sources_1/new/clk10khz.vhd:4' bound to instance 'Inst_clk10khz' of component 'clk10khz' [C:/PRACTICAS SED/trabajo_def2/trabajo_def.srcs/sources_1/new/Displays.vhd:56]
INFO: [Synth 8-3491] module 'deco' declared at 'C:/PRACTICAS SED/trabajo_def2/trabajo_def.srcs/sources_1/new/deco.vhd:6' bound to instance 'Inst_deco1' of component 'deco' [C:/PRACTICAS SED/trabajo_def2/trabajo_def.srcs/sources_1/new/Displays.vhd:62]
INFO: [Synth 8-638] synthesizing module 'deco' [C:/PRACTICAS SED/trabajo_def2/trabajo_def.srcs/sources_1/new/deco.vhd:13]
INFO: [Synth 8-256] done synthesizing module 'deco' (0#1) [C:/PRACTICAS SED/trabajo_def2/trabajo_def.srcs/sources_1/new/deco.vhd:13]
INFO: [Synth 8-3491] module 'deco' declared at 'C:/PRACTICAS SED/trabajo_def2/trabajo_def.srcs/sources_1/new/deco.vhd:6' bound to instance 'Inst_deco2' of component 'deco' [C:/PRACTICAS SED/trabajo_def2/trabajo_def.srcs/sources_1/new/Displays.vhd:66]
INFO: [Synth 8-3491] module 'deco' declared at 'C:/PRACTICAS SED/trabajo_def2/trabajo_def.srcs/sources_1/new/deco.vhd:6' bound to instance 'Inst_deco3' of component 'deco' [C:/PRACTICAS SED/trabajo_def2/trabajo_def.srcs/sources_1/new/Displays.vhd:70]
INFO: [Synth 8-3491] module 'deco' declared at 'C:/PRACTICAS SED/trabajo_def2/trabajo_def.srcs/sources_1/new/deco.vhd:6' bound to instance 'Inst_deco4' of component 'deco' [C:/PRACTICAS SED/trabajo_def2/trabajo_def.srcs/sources_1/new/Displays.vhd:74]
INFO: [Synth 8-3491] module 'deco' declared at 'C:/PRACTICAS SED/trabajo_def2/trabajo_def.srcs/sources_1/new/deco.vhd:6' bound to instance 'Inst_deco5' of component 'deco' [C:/PRACTICAS SED/trabajo_def2/trabajo_def.srcs/sources_1/new/Displays.vhd:78]
INFO: [Synth 8-3491] module 'deco' declared at 'C:/PRACTICAS SED/trabajo_def2/trabajo_def.srcs/sources_1/new/deco.vhd:6' bound to instance 'Inst_deco6' of component 'deco' [C:/PRACTICAS SED/trabajo_def2/trabajo_def.srcs/sources_1/new/Displays.vhd:82]
INFO: [Synth 8-3491] module 'deco' declared at 'C:/PRACTICAS SED/trabajo_def2/trabajo_def.srcs/sources_1/new/deco.vhd:6' bound to instance 'Inst_deco7' of component 'deco' [C:/PRACTICAS SED/trabajo_def2/trabajo_def.srcs/sources_1/new/Displays.vhd:86]
INFO: [Synth 8-3491] module 'deco' declared at 'C:/PRACTICAS SED/trabajo_def2/trabajo_def.srcs/sources_1/new/deco.vhd:6' bound to instance 'Inst_deco8' of component 'deco' [C:/PRACTICAS SED/trabajo_def2/trabajo_def.srcs/sources_1/new/Displays.vhd:90]
INFO: [Synth 8-256] done synthesizing module 'Displays' (0#1) [C:/PRACTICAS SED/trabajo_def2/trabajo_def.srcs/sources_1/new/Displays.vhd:24]
INFO: [Synth 8-256] done synthesizing module 'TOP' (0#1) [C:/PRACTICAS SED/trabajo_def2/trabajo_def.srcs/sources_1/new/TOP.vhd:19]
WARNING: [Synth 8-3848] Net led in module/entity TOP does not have driver. [C:/PRACTICAS SED/trabajo_def2/trabajo_def.srcs/sources_1/new/TOP.vhd:15]
---------------------------------------------------------------------------------
Finished RTL Elaboration : Time (s): cpu = 00:00:05 ; elapsed = 00:00:05 . Memory (MB): peak = 2485.453 ; gain = 0.000
---------------------------------------------------------------------------------
---------------------------------------------------------------------------------
Start Handling Custom Attributes
---------------------------------------------------------------------------------
---------------------------------------------------------------------------------
Finished Handling Custom Attributes : Time (s): cpu = 00:00:05 ; elapsed = 00:00:05 . Memory (MB): peak = 2485.453 ; gain = 0.000
---------------------------------------------------------------------------------
---------------------------------------------------------------------------------
Finished RTL Optimization Phase 1 : Time (s): cpu = 00:00:05 ; elapsed = 00:00:05 . Memory (MB): peak = 2485.453 ; gain = 0.000
---------------------------------------------------------------------------------
Netlist sorting complete. Time (s): cpu = 00:00:00 ; elapsed = 00:00:00.006 . Memory (MB): peak = 2485.453 ; gain = 0.000
INFO: [Project 1-570] Preparing netlist for logic optimization

Processing XDC Constraints
Initializing timing engine
Parsing XDC File [C:/PRACTICAS SED/trabajo_def2/trabajo_def.srcs/constrs_1/imports/PRACTICAS SED/Nexys-4-DDR-Master.xdc]
Finished Parsing XDC File [C:/PRACTICAS SED/trabajo_def2/trabajo_def.srcs/constrs_1/imports/PRACTICAS SED/Nexys-4-DDR-Master.xdc]
Completed Processing XDC Constraints

Netlist sorting complete. Time (s): cpu = 00:00:00 ; elapsed = 00:00:00 . Memory (MB): peak = 2519.590 ; gain = 0.000
INFO: [Project 1-111] Unisim Transformation Summary:
No Unisim elements were transformed.

RTL Elaboration Complete:  : Time (s): cpu = 00:00:07 ; elapsed = 00:00:08 . Memory (MB): peak = 2551.547 ; gain = 66.094
55 Infos, 25 Warnings, 0 Critical Warnings and 0 Errors encountered.
synth_design completed successfully
synth_design: Time (s): cpu = 00:00:07 ; elapsed = 00:00:08 . Memory (MB): peak = 2551.547 ; gain = 66.094
exit
INFO: [Common 17-206] Exiting Vivado at Tue Dec 26 18:45:25 2023...
