Copyright 1986-2022 Xilinx, Inc. All Rights Reserved. Copyright 2022-2023 Advanced Micro Devices, Inc. All Rights Reserved.
------------------------------------------------------------------------------------------------------------------------------------------------------------------------------------------------------
| Tool Version : Vivado v.2023.1 (win64) Build 3865809 Sun May  7 15:05:29 MDT 2023
| Date         : Fri Dec 22 10:47:17 2023
| Host         : Alvaro running 64-bit major release  (build 9200)
| Command      : report_timing_summary -max_paths 10 -report_unconstrained -file TOP_timing_summary_routed.rpt -pb TOP_timing_summary_routed.pb -rpx TOP_timing_summary_routed.rpx -warn_on_violation
| Design       : TOP
| Device       : 7a100t-csg324
| Speed File   : -1  PRODUCTION 1.23 2018-06-13
| Design State : Routed
------------------------------------------------------------------------------------------------------------------------------------------------------------------------------------------------------

Timing Summary Report

------------------------------------------------------------------------------------------------
| Timer Settings
| --------------
------------------------------------------------------------------------------------------------

  Enable Multi Corner Analysis               :  Yes
  Enable Pessimism Removal                   :  Yes
  Pessimism Removal Resolution               :  Nearest Common Node
  Enable Input Delay Default Clock           :  No
  Enable Preset / Clear Arcs                 :  No
  Disable Flight Delays                      :  No
  Ignore I/O Paths                           :  No
  Timing Early Launch at Borrowing Latches   :  No
  Borrow Time for Max Delay Exceptions       :  Yes
  Merge Timing Exceptions                    :  Yes

  Corner  Analyze    Analyze    
  Name    Max Paths  Min Paths  
  ------  ---------  ---------  
  Slow    Yes        Yes        
  Fast    Yes        Yes        


------------------------------------------------------------------------------------------------
| Report Methodology
| ------------------
------------------------------------------------------------------------------------------------

Rule       Severity          Description                     Violations  
---------  ----------------  ------------------------------  ----------  
TIMING-17  Critical Warning  Non-clocked sequential cell     85          
LUTAR-1    Warning           LUT drives async reset alert    2           
TIMING-20  Warning           Non-clocked latch               2           
LATCH-1    Advisory          Existing latches in the design  1           

Note: This report is based on the most recent report_methodology run and may not be up-to-date. Run report_methodology on the current design for the latest report.



check_timing report

Table of Contents
-----------------
1. checking no_clock (91)
2. checking constant_clock (0)
3. checking pulse_width_clock (0)
4. checking unconstrained_internal_endpoints (159)
5. checking no_input_delay (3)
6. checking no_output_delay (15)
7. checking multiple_clock (0)
8. checking generated_clocks (0)
9. checking loops (0)
10. checking partial_input_delay (0)
11. checking partial_output_delay (0)
12. checking latch_loops (0)

1. checking no_clock (91)
-------------------------
 There are 56 register/latch pins with no clock driven by root clock pin: CLK (HIGH)

 There are 18 register/latch pins with no clock driven by root clock pin: Dispalys1/Inst_clk10khz/temporal_reg/Q (HIGH)

 There is 1 register/latch pin with no clock driven by root clock pin: GestorEntradas1/DetectorFlanco2/sreg_reg[0]/Q (HIGH)

 There is 1 register/latch pin with no clock driven by root clock pin: GestorEntradas1/DetectorFlanco2/sreg_reg[1]/Q (HIGH)

 There is 1 register/latch pin with no clock driven by root clock pin: GestorEntradas1/DetectorFlanco2/sreg_reg[2]/Q (HIGH)

 There is 1 register/latch pin with no clock driven by root clock pin: GestorEntradas1/DetectorFlanco3/sreg_reg[0]/Q (HIGH)

 There is 1 register/latch pin with no clock driven by root clock pin: GestorEntradas1/DetectorFlanco3/sreg_reg[1]/Q (HIGH)

 There is 1 register/latch pin with no clock driven by root clock pin: GestorEntradas1/DetectorFlanco3/sreg_reg[2]/Q (HIGH)

 There are 11 register/latch pins with no clock driven by root clock pin: Inverso1/Inst_clk1hz/temporal_reg/Q (HIGH)


2. checking constant_clock (0)
------------------------------
 There are 0 register/latch pins with constant_clock.


3. checking pulse_width_clock (0)
---------------------------------
 There are 0 register/latch pins which need pulse_width check


4. checking unconstrained_internal_endpoints (159)
--------------------------------------------------
 There are 159 pins that are not constrained for maximum delay. (HIGH)

 There are 0 pins that are not constrained for maximum delay due to constant clock.


5. checking no_input_delay (3)
------------------------------
 There are 3 input ports with no input delay specified. (HIGH)

 There are 0 input ports with no input delay but user has a false path constraint.


6. checking no_output_delay (15)
--------------------------------
 There are 15 ports with no output delay specified. (HIGH)

 There are 0 ports with no output delay but user has a false path constraint

 There are 0 ports with no output delay but with a timing clock defined on it or propagating through it


7. checking multiple_clock (0)
------------------------------
 There are 0 register/latch pins with multiple clocks.


8. checking generated_clocks (0)
--------------------------------
 There are 0 generated clocks that are not connected to a clock source.


9. checking loops (0)
---------------------
 There are 0 combinational loops in the design.


10. checking partial_input_delay (0)
------------------------------------
 There are 0 input ports with partial input delay specified.


11. checking partial_output_delay (0)
-------------------------------------
 There are 0 ports with partial output delay specified.


12. checking latch_loops (0)
----------------------------
 There are 0 combinational latch loops in the design through latch input



------------------------------------------------------------------------------------------------
| Design Timing Summary
| ---------------------
------------------------------------------------------------------------------------------------

    WNS(ns)      TNS(ns)  TNS Failing Endpoints  TNS Total Endpoints      WHS(ns)      THS(ns)  THS Failing Endpoints  THS Total Endpoints     WPWS(ns)     TPWS(ns)  TPWS Failing Endpoints  TPWS Total Endpoints  
    -------      -------  ---------------------  -------------------      -------      -------  ---------------------  -------------------     --------     --------  ----------------------  --------------------  
        inf        0.000                      0                  174          inf        0.000                      0                  174           NA           NA                      NA                    NA  


There are no user specified timing constraints.


------------------------------------------------------------------------------------------------
| Clock Summary
| -------------
------------------------------------------------------------------------------------------------


------------------------------------------------------------------------------------------------
| Intra Clock Table
| -----------------
------------------------------------------------------------------------------------------------

Clock             WNS(ns)      TNS(ns)  TNS Failing Endpoints  TNS Total Endpoints      WHS(ns)      THS(ns)  THS Failing Endpoints  THS Total Endpoints     WPWS(ns)     TPWS(ns)  TPWS Failing Endpoints  TPWS Total Endpoints  
-----             -------      -------  ---------------------  -------------------      -------      -------  ---------------------  -------------------     --------     --------  ----------------------  --------------------  


------------------------------------------------------------------------------------------------
| Inter Clock Table
| -----------------
------------------------------------------------------------------------------------------------

From Clock    To Clock          WNS(ns)      TNS(ns)  TNS Failing Endpoints  TNS Total Endpoints      WHS(ns)      THS(ns)  THS Failing Endpoints  THS Total Endpoints  
----------    --------          -------      -------  ---------------------  -------------------      -------      -------  ---------------------  -------------------  


------------------------------------------------------------------------------------------------
| Other Path Groups Table
| -----------------------
------------------------------------------------------------------------------------------------

Path Group    From Clock    To Clock          WNS(ns)      TNS(ns)  TNS Failing Endpoints  TNS Total Endpoints      WHS(ns)      THS(ns)  THS Failing Endpoints  THS Total Endpoints  
----------    ----------    --------          -------      -------  ---------------------  -------------------      -------      -------  ---------------------  -------------------  


------------------------------------------------------------------------------------------------
| User Ignored Path Table
| -----------------------
------------------------------------------------------------------------------------------------

Path Group    From Clock    To Clock    
----------    ----------    --------    


------------------------------------------------------------------------------------------------
| Unconstrained Path Table
| ------------------------
------------------------------------------------------------------------------------------------

Path Group    From Clock    To Clock    
----------    ----------    --------    
(none)                                    


------------------------------------------------------------------------------------------------
| Timing Details
| --------------
------------------------------------------------------------------------------------------------


--------------------------------------------------------------------------------------
Path Group:  (none)
From Clock:  
  To Clock:  

Max Delay           174 Endpoints
Min Delay           174 Endpoints
--------------------------------------------------------------------------------------


Max Delay Paths
--------------------------------------------------------------------------------------
Slack:                    inf
  Source:                 Dispalys1/refresh_reg[6]/C
                            (rising edge-triggered cell FDSE)
  Destination:            refresh[6]
                            (output port)
  Path Group:             (none)
  Path Type:              Max at Slow Process Corner
  Data Path Delay:        8.952ns  (logic 4.036ns (45.081%)  route 4.916ns (54.919%))
  Logic Levels:           2  (FDSE=1 OBUF=1)

    Location             Delay type                Incr(ns)  Path(ns)    Netlist Resource(s)
  -------------------------------------------------------------------    -------------------
    SLICE_X2Y78          FDSE                         0.000     0.000 r  Dispalys1/refresh_reg[6]/C
    SLICE_X2Y78          FDSE (Prop_fdse_C_Q)         0.518     0.518 r  Dispalys1/refresh_reg[6]/Q
                         net (fo=1, routed)           4.916     5.434    refresh_OBUF[6]
    K2                   OBUF (Prop_obuf_I_O)         3.518     8.952 r  refresh_OBUF[6]_inst/O
                         net (fo=0)                   0.000     8.952    refresh[6]
    K2                                                                r  refresh[6] (OUT)
  -------------------------------------------------------------------    -------------------

Slack:                    inf
  Source:                 Dispalys1/dis_exit_reg[3]/C
                            (rising edge-triggered cell FDRE)
  Destination:            dis_exit[3]
                            (output port)
  Path Group:             (none)
  Path Type:              Max at Slow Process Corner
  Data Path Delay:        7.025ns  (logic 4.006ns (57.029%)  route 3.019ns (42.971%))
  Logic Levels:           2  (FDRE=1 OBUF=1)

    Location             Delay type                Incr(ns)  Path(ns)    Netlist Resource(s)
  -------------------------------------------------------------------    -------------------
    SLICE_X1Y78          FDRE                         0.000     0.000 r  Dispalys1/dis_exit_reg[3]/C
    SLICE_X1Y78          FDRE (Prop_fdre_C_Q)         0.456     0.456 r  Dispalys1/dis_exit_reg[3]/Q
                         net (fo=1, routed)           3.019     3.475    dis_exit_OBUF[3]
    K13                  OBUF (Prop_obuf_I_O)         3.550     7.025 r  dis_exit_OBUF[3]_inst/O
                         net (fo=0)                   0.000     7.025    dis_exit[3]
    K13                                                               r  dis_exit[3] (OUT)
  -------------------------------------------------------------------    -------------------

Slack:                    inf
  Source:                 Dispalys1/dis_exit_reg[6]/C
                            (rising edge-triggered cell FDRE)
  Destination:            dis_exit[6]
                            (output port)
  Path Group:             (none)
  Path Type:              Max at Slow Process Corner
  Data Path Delay:        6.745ns  (logic 4.033ns (59.789%)  route 2.712ns (40.211%))
  Logic Levels:           2  (FDRE=1 OBUF=1)

    Location             Delay type                Incr(ns)  Path(ns)    Netlist Resource(s)
  -------------------------------------------------------------------    -------------------
    SLICE_X1Y78          FDRE                         0.000     0.000 r  Dispalys1/dis_exit_reg[6]/C
    SLICE_X1Y78          FDRE (Prop_fdre_C_Q)         0.456     0.456 r  Dispalys1/dis_exit_reg[6]/Q
                         net (fo=1, routed)           2.712     3.168    dis_exit_OBUF[6]
    T10                  OBUF (Prop_obuf_I_O)         3.577     6.745 r  dis_exit_OBUF[6]_inst/O
                         net (fo=0)                   0.000     6.745    dis_exit[6]
    T10                                                               r  dis_exit[6] (OUT)
  -------------------------------------------------------------------    -------------------

Slack:                    inf
  Source:                 Dispalys1/refresh_reg[2]/C
                            (rising edge-triggered cell FDSE)
  Destination:            refresh[2]
                            (output port)
  Path Group:             (none)
  Path Type:              Max at Slow Process Corner
  Data Path Delay:        6.715ns  (logic 4.030ns (60.017%)  route 2.685ns (39.983%))
  Logic Levels:           2  (FDSE=1 OBUF=1)

    Location             Delay type                Incr(ns)  Path(ns)    Netlist Resource(s)
  -------------------------------------------------------------------    -------------------
    SLICE_X0Y77          FDSE                         0.000     0.000 r  Dispalys1/refresh_reg[2]/C
    SLICE_X0Y77          FDSE (Prop_fdse_C_Q)         0.456     0.456 r  Dispalys1/refresh_reg[2]/Q
                         net (fo=1, routed)           2.685     3.141    refresh_OBUF[2]
    T9                   OBUF (Prop_obuf_I_O)         3.574     6.715 r  refresh_OBUF[2]_inst/O
                         net (fo=0)                   0.000     6.715    refresh[2]
    T9                                                                r  refresh[2] (OUT)
  -------------------------------------------------------------------    -------------------

Slack:                    inf
  Source:                 Dispalys1/refresh_reg[3]/C
                            (rising edge-triggered cell FDSE)
  Destination:            refresh[3]
                            (output port)
  Path Group:             (none)
  Path Type:              Max at Slow Process Corner
  Data Path Delay:        6.590ns  (logic 4.008ns (60.821%)  route 2.582ns (39.179%))
  Logic Levels:           2  (FDSE=1 OBUF=1)

    Location             Delay type                Incr(ns)  Path(ns)    Netlist Resource(s)
  -------------------------------------------------------------------    -------------------
    SLICE_X0Y80          FDSE                         0.000     0.000 r  Dispalys1/refresh_reg[3]/C
    SLICE_X0Y80          FDSE (Prop_fdse_C_Q)         0.456     0.456 r  Dispalys1/refresh_reg[3]/Q
                         net (fo=1, routed)           2.582     3.038    refresh_OBUF[3]
    J14                  OBUF (Prop_obuf_I_O)         3.552     6.590 r  refresh_OBUF[3]_inst/O
                         net (fo=0)                   0.000     6.590    refresh[3]
    J14                                                               r  refresh[3] (OUT)
  -------------------------------------------------------------------    -------------------

Slack:                    inf
  Source:                 Dispalys1/dis_exit_reg[5]/C
                            (rising edge-triggered cell FDSE)
  Destination:            dis_exit[5]
                            (output port)
  Path Group:             (none)
  Path Type:              Max at Slow Process Corner
  Data Path Delay:        6.575ns  (logic 4.011ns (61.007%)  route 2.564ns (38.993%))
  Logic Levels:           2  (FDSE=1 OBUF=1)

    Location             Delay type                Incr(ns)  Path(ns)    Netlist Resource(s)
  -------------------------------------------------------------------    -------------------
    SLICE_X0Y79          FDSE                         0.000     0.000 r  Dispalys1/dis_exit_reg[5]/C
    SLICE_X0Y79          FDSE (Prop_fdse_C_Q)         0.456     0.456 r  Dispalys1/dis_exit_reg[5]/Q
                         net (fo=1, routed)           2.564     3.020    dis_exit_OBUF[5]
    R10                  OBUF (Prop_obuf_I_O)         3.555     6.575 r  dis_exit_OBUF[5]_inst/O
                         net (fo=0)                   0.000     6.575    dis_exit[5]
    R10                                                               r  dis_exit[5] (OUT)
  -------------------------------------------------------------------    -------------------

Slack:                    inf
  Source:                 Dispalys1/refresh_reg[7]/C
                            (rising edge-triggered cell FDSE)
  Destination:            refresh[7]
                            (output port)
  Path Group:             (none)
  Path Type:              Max at Slow Process Corner
  Data Path Delay:        6.531ns  (logic 4.009ns (61.390%)  route 2.522ns (38.610%))
  Logic Levels:           2  (FDSE=1 OBUF=1)

    Location             Delay type                Incr(ns)  Path(ns)    Netlist Resource(s)
  -------------------------------------------------------------------    -------------------
    SLICE_X1Y79          FDSE                         0.000     0.000 r  Dispalys1/refresh_reg[7]/C
    SLICE_X1Y79          FDSE (Prop_fdse_C_Q)         0.456     0.456 r  Dispalys1/refresh_reg[7]/Q
                         net (fo=1, routed)           2.522     2.978    refresh_OBUF[7]
    U13                  OBUF (Prop_obuf_I_O)         3.553     6.531 r  refresh_OBUF[7]_inst/O
                         net (fo=0)                   0.000     6.531    refresh[7]
    U13                                                               r  refresh[7] (OUT)
  -------------------------------------------------------------------    -------------------

Slack:                    inf
  Source:                 Dispalys1/refresh_reg[0]/C
                            (rising edge-triggered cell FDSE)
  Destination:            refresh[0]
                            (output port)
  Path Group:             (none)
  Path Type:              Max at Slow Process Corner
  Data Path Delay:        6.437ns  (logic 3.992ns (62.006%)  route 2.446ns (37.994%))
  Logic Levels:           2  (FDSE=1 OBUF=1)

    Location             Delay type                Incr(ns)  Path(ns)    Netlist Resource(s)
  -------------------------------------------------------------------    -------------------
    SLICE_X0Y81          FDSE                         0.000     0.000 r  Dispalys1/refresh_reg[0]/C
    SLICE_X0Y81          FDSE (Prop_fdse_C_Q)         0.456     0.456 r  Dispalys1/refresh_reg[0]/Q
                         net (fo=1, routed)           2.446     2.902    refresh_OBUF[0]
    J17                  OBUF (Prop_obuf_I_O)         3.536     6.437 r  refresh_OBUF[0]_inst/O
                         net (fo=0)                   0.000     6.437    refresh[0]
    J17                                                               r  refresh[0] (OUT)
  -------------------------------------------------------------------    -------------------

Slack:                    inf
  Source:                 Dispalys1/refresh_reg[1]/C
                            (rising edge-triggered cell FDSE)
  Destination:            refresh[1]
                            (output port)
  Path Group:             (none)
  Path Type:              Max at Slow Process Corner
  Data Path Delay:        6.362ns  (logic 4.054ns (63.720%)  route 2.308ns (36.280%))
  Logic Levels:           2  (FDSE=1 OBUF=1)

    Location             Delay type                Incr(ns)  Path(ns)    Netlist Resource(s)
  -------------------------------------------------------------------    -------------------
    SLICE_X2Y80          FDSE                         0.000     0.000 r  Dispalys1/refresh_reg[1]/C
    SLICE_X2Y80          FDSE (Prop_fdse_C_Q)         0.518     0.518 r  Dispalys1/refresh_reg[1]/Q
                         net (fo=1, routed)           2.308     2.826    refresh_OBUF[1]
    J18                  OBUF (Prop_obuf_I_O)         3.536     6.362 r  refresh_OBUF[1]_inst/O
                         net (fo=0)                   0.000     6.362    refresh[1]
    J18                                                               r  refresh[1] (OUT)
  -------------------------------------------------------------------    -------------------

Slack:                    inf
  Source:                 Dispalys1/dis_exit_reg[1]/C
                            (rising edge-triggered cell FDRE)
  Destination:            dis_exit[1]
                            (output port)
  Path Group:             (none)
  Path Type:              Max at Slow Process Corner
  Data Path Delay:        6.330ns  (logic 4.017ns (63.459%)  route 2.313ns (36.541%))
  Logic Levels:           2  (FDRE=1 OBUF=1)

    Location             Delay type                Incr(ns)  Path(ns)    Netlist Resource(s)
  -------------------------------------------------------------------    -------------------
    SLICE_X1Y78          FDRE                         0.000     0.000 r  Dispalys1/dis_exit_reg[1]/C
    SLICE_X1Y78          FDRE (Prop_fdre_C_Q)         0.456     0.456 r  Dispalys1/dis_exit_reg[1]/Q
                         net (fo=1, routed)           2.313     2.769    dis_exit_OBUF[1]
    T11                  OBUF (Prop_obuf_I_O)         3.561     6.330 r  dis_exit_OBUF[1]_inst/O
                         net (fo=0)                   0.000     6.330    dis_exit[1]
    T11                                                               r  dis_exit[1] (OUT)
  -------------------------------------------------------------------    -------------------





Min Delay Paths
--------------------------------------------------------------------------------------
Slack:                    inf
  Source:                 GestorEntradas1/Sincronizador1/sreg_reg[0]/C
                            (rising edge-triggered cell FDRE)
  Destination:            GestorEntradas1/Sincronizador1/SYNC_OUT_reg_srl2/D
  Path Group:             (none)
  Path Type:              Min at Fast Process Corner
  Data Path Delay:        0.244ns  (logic 0.141ns (57.830%)  route 0.103ns (42.170%))
  Logic Levels:           1  (FDRE=1)

    Location             Delay type                Incr(ns)  Path(ns)    Netlist Resource(s)
  -------------------------------------------------------------------    -------------------
    SLICE_X0Y76          FDRE                         0.000     0.000 r  GestorEntradas1/Sincronizador1/sreg_reg[0]/C
    SLICE_X0Y76          FDRE (Prop_fdre_C_Q)         0.141     0.141 r  GestorEntradas1/Sincronizador1/sreg_reg[0]/Q
                         net (fo=1, routed)           0.103     0.244    GestorEntradas1/Sincronizador1/sreg_reg_n_0_[0]
    SLICE_X2Y77          SRL16E                                       r  GestorEntradas1/Sincronizador1/SYNC_OUT_reg_srl2/D
  -------------------------------------------------------------------    -------------------

Slack:                    inf
  Source:                 Dispalys1/Inst_clk10khz/contador_reg[7]/C
                            (rising edge-triggered cell FDRE)
  Destination:            Dispalys1/Inst_clk10khz/temporal_reg/D
  Path Group:             (none)
  Path Type:              Min at Fast Process Corner
  Data Path Delay:        0.268ns  (logic 0.186ns (69.458%)  route 0.082ns (30.542%))
  Logic Levels:           2  (FDRE=1 LUT6=1)

    Location             Delay type                Incr(ns)  Path(ns)    Netlist Resource(s)
  -------------------------------------------------------------------    -------------------
    SLICE_X5Y81          FDRE                         0.000     0.000 r  Dispalys1/Inst_clk10khz/contador_reg[7]/C
    SLICE_X5Y81          FDRE (Prop_fdre_C_Q)         0.141     0.141 r  Dispalys1/Inst_clk10khz/contador_reg[7]/Q
                         net (fo=3, routed)           0.082     0.223    Dispalys1/Inst_clk10khz/contador_reg_n_0_[7]
    SLICE_X4Y81          LUT6 (Prop_lut6_I2_O)        0.045     0.268 r  Dispalys1/Inst_clk10khz/temporal_i_1__0/O
                         net (fo=1, routed)           0.000     0.268    Dispalys1/Inst_clk10khz/temporal_i_1__0_n_0
    SLICE_X4Y81          FDRE                                         r  Dispalys1/Inst_clk10khz/temporal_reg/D
  -------------------------------------------------------------------    -------------------

Slack:                    inf
  Source:                 GestorEntradas1/DetectorFlanco3/sreg_reg[1]/C
                            (rising edge-triggered cell FDRE)
  Destination:            GestorEntradas1/DetectorFlanco3/sreg_reg[2]/D
  Path Group:             (none)
  Path Type:              Min at Fast Process Corner
  Data Path Delay:        0.321ns  (logic 0.141ns (43.905%)  route 0.180ns (56.095%))
  Logic Levels:           1  (FDRE=1)

    Location             Delay type                Incr(ns)  Path(ns)    Netlist Resource(s)
  -------------------------------------------------------------------    -------------------
    SLICE_X1Y82          FDRE                         0.000     0.000 r  GestorEntradas1/DetectorFlanco3/sreg_reg[1]/C
    SLICE_X1Y82          FDRE (Prop_fdre_C_Q)         0.141     0.141 r  GestorEntradas1/DetectorFlanco3/sreg_reg[1]/Q
                         net (fo=2, routed)           0.180     0.321    GestorEntradas1/DetectorFlanco3/sreg[1]
    SLICE_X1Y82          FDRE                                         r  GestorEntradas1/DetectorFlanco3/sreg_reg[2]/D
  -------------------------------------------------------------------    -------------------

Slack:                    inf
  Source:                 GestorEntradas1/DetectorFlanco/sreg_reg[1]/C
                            (rising edge-triggered cell FDRE)
  Destination:            GestorEntradas1/DetectorFlanco/sreg_reg[2]/D
  Path Group:             (none)
  Path Type:              Min at Fast Process Corner
  Data Path Delay:        0.323ns  (logic 0.141ns (43.598%)  route 0.182ns (56.402%))
  Logic Levels:           1  (FDRE=1)

    Location             Delay type                Incr(ns)  Path(ns)    Netlist Resource(s)
  -------------------------------------------------------------------    -------------------
    SLICE_X7Y79          FDRE                         0.000     0.000 r  GestorEntradas1/DetectorFlanco/sreg_reg[1]/C
    SLICE_X7Y79          FDRE (Prop_fdre_C_Q)         0.141     0.141 r  GestorEntradas1/DetectorFlanco/sreg_reg[1]/Q
                         net (fo=3, routed)           0.182     0.323    GestorEntradas1/DetectorFlanco/sreg_0[1]
    SLICE_X6Y79          FDRE                                         r  GestorEntradas1/DetectorFlanco/sreg_reg[2]/D
  -------------------------------------------------------------------    -------------------

Slack:                    inf
  Source:                 Inverso1/unit_min_reg[3]/C
                            (rising edge-triggered cell FDCE)
  Destination:            Inverso1/unit_min_reg[2]/D
  Path Group:             (none)
  Path Type:              Min at Fast Process Corner
  Data Path Delay:        0.325ns  (logic 0.227ns (69.891%)  route 0.098ns (30.109%))
  Logic Levels:           2  (FDCE=1 LUT4=1)

    Location             Delay type                Incr(ns)  Path(ns)    Netlist Resource(s)
  -------------------------------------------------------------------    -------------------
    SLICE_X3Y80          FDCE                         0.000     0.000 r  Inverso1/unit_min_reg[3]/C
    SLICE_X3Y80          FDCE (Prop_fdce_C_Q)         0.128     0.128 r  Inverso1/unit_min_reg[3]/Q
                         net (fo=10, routed)          0.098     0.226    Inverso1/unit_min_reg_n_0_[3]
    SLICE_X3Y80          LUT4 (Prop_lut4_I0_O)        0.099     0.325 r  Inverso1/unit_min[2]_i_1/O
                         net (fo=1, routed)           0.000     0.325    Inverso1/unit_min[2]_i_1_n_0
    SLICE_X3Y80          FDCE                                         r  Inverso1/unit_min_reg[2]/D
  -------------------------------------------------------------------    -------------------

Slack:                    inf
  Source:                 GestorEntradas1/DetectorFlanco3/sreg_reg[0]/C
                            (rising edge-triggered cell FDRE)
  Destination:            GestorEntradas1/DetectorFlanco3/sreg_reg[1]/D
  Path Group:             (none)
  Path Type:              Min at Fast Process Corner
  Data Path Delay:        0.326ns  (logic 0.148ns (45.402%)  route 0.178ns (54.598%))
  Logic Levels:           1  (FDRE=1)

    Location             Delay type                Incr(ns)  Path(ns)    Netlist Resource(s)
  -------------------------------------------------------------------    -------------------
    SLICE_X2Y82          FDRE                         0.000     0.000 r  GestorEntradas1/DetectorFlanco3/sreg_reg[0]/C
    SLICE_X2Y82          FDRE (Prop_fdre_C_Q)         0.148     0.148 r  GestorEntradas1/DetectorFlanco3/sreg_reg[0]/Q
                         net (fo=2, routed)           0.178     0.326    GestorEntradas1/DetectorFlanco3/sreg[0]
    SLICE_X1Y82          FDRE                                         r  GestorEntradas1/DetectorFlanco3/sreg_reg[1]/D
  -------------------------------------------------------------------    -------------------

Slack:                    inf
  Source:                 Dispalys1/FSM_sequential_flag_reg[0]/C
                            (rising edge-triggered cell FDRE)
  Destination:            Dispalys1/dis_exit_reg[0]/D
  Path Group:             (none)
  Path Type:              Min at Fast Process Corner
  Data Path Delay:        0.335ns  (logic 0.246ns (73.413%)  route 0.089ns (26.587%))
  Logic Levels:           2  (FDRE=1 LUT6=1)

    Location             Delay type                Incr(ns)  Path(ns)    Netlist Resource(s)
  -------------------------------------------------------------------    -------------------
    SLICE_X2Y81          FDRE                         0.000     0.000 r  Dispalys1/FSM_sequential_flag_reg[0]/C
    SLICE_X2Y81          FDRE (Prop_fdre_C_Q)         0.148     0.148 r  Dispalys1/FSM_sequential_flag_reg[0]/Q
                         net (fo=22, routed)          0.089     0.237    Dispalys1/flag[0]
    SLICE_X2Y81          LUT6 (Prop_lut6_I2_O)        0.098     0.335 r  Dispalys1/dis_exit[0]_i_1/O
                         net (fo=1, routed)           0.000     0.335    Dispalys1/dis_exit[0]_i_1_n_0
    SLICE_X2Y81          FDRE                                         r  Dispalys1/dis_exit_reg[0]/D
  -------------------------------------------------------------------    -------------------

Slack:                    inf
  Source:                 GestorEntradas1/DetectorFlanco2/sreg_reg[1]/C
                            (rising edge-triggered cell FDRE)
  Destination:            GestorEntradas1/DetectorFlanco2/sreg_reg[2]/D
  Path Group:             (none)
  Path Type:              Min at Fast Process Corner
  Data Path Delay:        0.346ns  (logic 0.164ns (47.343%)  route 0.182ns (52.657%))
  Logic Levels:           1  (FDRE=1)

    Location             Delay type                Incr(ns)  Path(ns)    Netlist Resource(s)
  -------------------------------------------------------------------    -------------------
    SLICE_X6Y79          FDRE                         0.000     0.000 r  GestorEntradas1/DetectorFlanco2/sreg_reg[1]/C
    SLICE_X6Y79          FDRE (Prop_fdre_C_Q)         0.164     0.164 r  GestorEntradas1/DetectorFlanco2/sreg_reg[1]/Q
                         net (fo=4, routed)           0.182     0.346    GestorEntradas1/DetectorFlanco2/sreg[1]
    SLICE_X6Y79          FDRE                                         r  GestorEntradas1/DetectorFlanco2/sreg_reg[2]/D
  -------------------------------------------------------------------    -------------------

Slack:                    inf
  Source:                 Dispalys1/FSM_sequential_flag_reg[1]/C
                            (rising edge-triggered cell FDRE)
  Destination:            Dispalys1/FSM_sequential_flag_reg[2]/D
  Path Group:             (none)
  Path Type:              Min at Fast Process Corner
  Data Path Delay:        0.351ns  (logic 0.183ns (52.101%)  route 0.168ns (47.899%))
  Logic Levels:           2  (FDRE=1 LUT3=1)

    Location             Delay type                Incr(ns)  Path(ns)    Netlist Resource(s)
  -------------------------------------------------------------------    -------------------
    SLICE_X1Y77          FDRE                         0.000     0.000 r  Dispalys1/FSM_sequential_flag_reg[1]/C
    SLICE_X1Y77          FDRE (Prop_fdre_C_Q)         0.141     0.141 r  Dispalys1/FSM_sequential_flag_reg[1]/Q
                         net (fo=18, routed)          0.168     0.309    Dispalys1/flag[1]
    SLICE_X1Y77          LUT3 (Prop_lut3_I0_O)        0.042     0.351 r  Dispalys1/FSM_sequential_flag[2]_i_1/O
                         net (fo=1, routed)           0.000     0.351    Dispalys1/p_0_out[2]
    SLICE_X1Y77          FDRE                                         r  Dispalys1/FSM_sequential_flag_reg[2]/D
  -------------------------------------------------------------------    -------------------

Slack:                    inf
  Source:                 Dispalys1/FSM_sequential_flag_reg[1]/C
                            (rising edge-triggered cell FDRE)
  Destination:            Dispalys1/FSM_sequential_flag_reg[1]/D
  Path Group:             (none)
  Path Type:              Min at Fast Process Corner
  Data Path Delay:        0.354ns  (logic 0.186ns (52.507%)  route 0.168ns (47.493%))
  Logic Levels:           2  (FDRE=1 LUT2=1)

    Location             Delay type                Incr(ns)  Path(ns)    Netlist Resource(s)
  -------------------------------------------------------------------    -------------------
    SLICE_X1Y77          FDRE                         0.000     0.000 r  Dispalys1/FSM_sequential_flag_reg[1]/C
    SLICE_X1Y77          FDRE (Prop_fdre_C_Q)         0.141     0.141 r  Dispalys1/FSM_sequential_flag_reg[1]/Q
                         net (fo=18, routed)          0.168     0.309    Dispalys1/flag[1]
    SLICE_X1Y77          LUT2 (Prop_lut2_I1_O)        0.045     0.354 r  Dispalys1/FSM_sequential_flag[1]_i_1/O
                         net (fo=1, routed)           0.000     0.354    Dispalys1/p_0_out[1]
    SLICE_X1Y77          FDRE                                         r  Dispalys1/FSM_sequential_flag_reg[1]/D
  -------------------------------------------------------------------    -------------------





