
*** Running vivado
    with args -log TOP.vds -m64 -product Vivado -mode batch -messageDb vivado.pb -notrace -source TOP.tcl


ECHO est  desactivado.
ECHO est  desactivado.

****** Vivado v2023.1 (64-bit)
  **** SW Build 3865809 on Sun May  7 15:05:29 MDT 2023
  **** IP Build 3864474 on Sun May  7 20:36:21 MDT 2023
  **** SharedData Build 3865790 on Sun May 07 13:33:03 MDT 2023
    ** Copyright 1986-2022 Xilinx, Inc. All Rights Reserved.
    ** Copyright 2022-2023 Advanced Micro Devices, Inc. All Rights Reserved.

source TOP.tcl -notrace
create_project: Time (s): cpu = 00:00:05 ; elapsed = 00:00:08 . Memory (MB): peak = 460.809 ; gain = 199.461
Command: read_checkpoint -auto_incremental -incremental {C:/PRACTICAS SED/pruebas/pruebas.srcs/utils_1/imports/synth_1/TOP.dcp}
INFO: [Vivado 12-5825] Read reference checkpoint from C:/PRACTICAS SED/pruebas/pruebas.srcs/utils_1/imports/synth_1/TOP.dcp for incremental synthesis
INFO: [Vivado 12-7989] Please ensure there are no constraint changes
Command: synth_design -top TOP -part xc7a100tcsg324-1
Starting synth_design
Attempting to get a license for feature 'Synthesis' and/or device 'xc7a100t'
INFO: [Common 17-349] Got license for feature 'Synthesis' and/or device 'xc7a100t'
INFO: [Device 21-403] Loading part xc7a100tcsg324-1
INFO: [Designutils 20-5440] No compile time benefit to using incremental synthesis; A full resynthesis will be run
INFO: [Designutils 20-4379] Flow is switching to default flow due to incremental criteria not met. If you would like to alter this behaviour and have the flow terminate instead, please set the following parameter config_implementation {autoIncr.Synth.RejectBehavior Terminate}
INFO: [Synth 8-7079] Multithreading enabled for synth_design using a maximum of 2 processes.
INFO: [Synth 8-7078] Launching helper process for spawning children vivado processes
INFO: [Synth 8-7075] Helper process launched with PID 18608
---------------------------------------------------------------------------------
Starting RTL Elaboration : Time (s): cpu = 00:00:03 ; elapsed = 00:00:05 . Memory (MB): peak = 1294.055 ; gain = 411.641
---------------------------------------------------------------------------------
INFO: [Synth 8-638] synthesizing module 'TOP' [C:/PRACTICAS SED/pruebas/pruebas.srcs/sources_1/new/TOP.vhd:19]
INFO: [Synth 8-3491] module 'Entradas' declared at 'C:/PRACTICAS SED/pruebas/pruebas.srcs/sources_1/new/Entradas.vhd:5' bound to instance 'GestorEntradas1' of component 'Entradas' [C:/PRACTICAS SED/pruebas/pruebas.srcs/sources_1/new/TOP.vhd:96]
INFO: [Synth 8-638] synthesizing module 'Entradas' [C:/PRACTICAS SED/pruebas/pruebas.srcs/sources_1/new/Entradas.vhd:19]
INFO: [Synth 8-3491] module 'SINCRONIZADOR' declared at 'C:/PRACTICAS SED/pruebas/pruebas.srcs/sources_1/new/SYNCHRNZR.vhd:4' bound to instance 'Sincronizador1' of component 'SINCRONIZADOR' [C:/PRACTICAS SED/pruebas/pruebas.srcs/sources_1/new/Entradas.vhd:45]
INFO: [Synth 8-638] synthesizing module 'SINCRONIZADOR' [C:/PRACTICAS SED/pruebas/pruebas.srcs/sources_1/new/SYNCHRNZR.vhd:12]
INFO: [Synth 8-256] done synthesizing module 'SINCRONIZADOR' (0#1) [C:/PRACTICAS SED/pruebas/pruebas.srcs/sources_1/new/SYNCHRNZR.vhd:12]
INFO: [Synth 8-3491] module 'FLANCO' declared at 'C:/PRACTICAS SED/pruebas/pruebas.srcs/sources_1/new/EDGEDTCTR.vhd:4' bound to instance 'DetectorFlanco' of component 'FLANCO' [C:/PRACTICAS SED/pruebas/pruebas.srcs/sources_1/new/Entradas.vhd:52]
INFO: [Synth 8-638] synthesizing module 'FLANCO' [C:/PRACTICAS SED/pruebas/pruebas.srcs/sources_1/new/EDGEDTCTR.vhd:12]
INFO: [Synth 8-256] done synthesizing module 'FLANCO' (0#1) [C:/PRACTICAS SED/pruebas/pruebas.srcs/sources_1/new/EDGEDTCTR.vhd:12]
INFO: [Synth 8-3491] module 'SINCRONIZADOR' declared at 'C:/PRACTICAS SED/pruebas/pruebas.srcs/sources_1/new/SYNCHRNZR.vhd:4' bound to instance 'Sincronizador2' of component 'SINCRONIZADOR' [C:/PRACTICAS SED/pruebas/pruebas.srcs/sources_1/new/Entradas.vhd:59]
INFO: [Synth 8-3491] module 'FLANCO' declared at 'C:/PRACTICAS SED/pruebas/pruebas.srcs/sources_1/new/EDGEDTCTR.vhd:4' bound to instance 'DetectorFlanco2' of component 'FLANCO' [C:/PRACTICAS SED/pruebas/pruebas.srcs/sources_1/new/Entradas.vhd:66]
INFO: [Synth 8-3491] module 'SINCRONIZADOR' declared at 'C:/PRACTICAS SED/pruebas/pruebas.srcs/sources_1/new/SYNCHRNZR.vhd:4' bound to instance 'Sincronizador3' of component 'SINCRONIZADOR' [C:/PRACTICAS SED/pruebas/pruebas.srcs/sources_1/new/Entradas.vhd:73]
INFO: [Synth 8-3491] module 'FLANCO' declared at 'C:/PRACTICAS SED/pruebas/pruebas.srcs/sources_1/new/EDGEDTCTR.vhd:4' bound to instance 'DetectorFlanco3' of component 'FLANCO' [C:/PRACTICAS SED/pruebas/pruebas.srcs/sources_1/new/Entradas.vhd:80]
INFO: [Synth 8-3491] module 'SINCRONIZADOR' declared at 'C:/PRACTICAS SED/pruebas/pruebas.srcs/sources_1/new/SYNCHRNZR.vhd:4' bound to instance 'Sincronizador4' of component 'SINCRONIZADOR' [C:/PRACTICAS SED/pruebas/pruebas.srcs/sources_1/new/Entradas.vhd:87]
INFO: [Synth 8-3491] module 'FLANCO' declared at 'C:/PRACTICAS SED/pruebas/pruebas.srcs/sources_1/new/EDGEDTCTR.vhd:4' bound to instance 'DetectorFlanco4' of component 'FLANCO' [C:/PRACTICAS SED/pruebas/pruebas.srcs/sources_1/new/Entradas.vhd:94]
INFO: [Synth 8-256] done synthesizing module 'Entradas' (0#1) [C:/PRACTICAS SED/pruebas/pruebas.srcs/sources_1/new/Entradas.vhd:19]
INFO: [Synth 8-3491] module 'Contador' declared at 'C:/PRACTICAS SED/pruebas/pruebas.srcs/sources_1/new/Contador.vhd:6' bound to instance 'Crono1' of component 'Contador' [C:/PRACTICAS SED/pruebas/pruebas.srcs/sources_1/new/TOP.vhd:109]
INFO: [Synth 8-638] synthesizing module 'Contador' [C:/PRACTICAS SED/pruebas/pruebas.srcs/sources_1/new/Contador.vhd:27]
INFO: [Synth 8-3491] module 'clk1Hz' declared at 'C:/PRACTICAS SED/pruebas/pruebas.srcs/sources_1/new/clk1hz.vhd:4' bound to instance 'Inst_clk1hz' of component 'clk1hz' [C:/PRACTICAS SED/pruebas/pruebas.srcs/sources_1/new/Contador.vhd:41]
INFO: [Synth 8-638] synthesizing module 'clk1Hz' [C:/PRACTICAS SED/pruebas/pruebas.srcs/sources_1/new/clk1hz.vhd:11]
INFO: [Synth 8-256] done synthesizing module 'clk1Hz' (0#1) [C:/PRACTICAS SED/pruebas/pruebas.srcs/sources_1/new/clk1hz.vhd:11]
INFO: [Synth 8-256] done synthesizing module 'Contador' (0#1) [C:/PRACTICAS SED/pruebas/pruebas.srcs/sources_1/new/Contador.vhd:27]
INFO: [Synth 8-3491] module 'Displays' declared at 'C:/PRACTICAS SED/pruebas/pruebas.srcs/sources_1/new/code.vhd:5' bound to instance 'Dispalys1' of component 'Displays' [C:/PRACTICAS SED/pruebas/pruebas.srcs/sources_1/new/TOP.vhd:126]
INFO: [Synth 8-638] synthesizing module 'Displays' [C:/PRACTICAS SED/pruebas/pruebas.srcs/sources_1/new/code.vhd:24]
INFO: [Synth 8-3491] module 'clk10kHz' declared at 'C:/PRACTICAS SED/pruebas/pruebas.srcs/sources_1/new/clk10khz.vhd:4' bound to instance 'Inst_clk10khz' of component 'clk10khz' [C:/PRACTICAS SED/pruebas/pruebas.srcs/sources_1/new/code.vhd:56]
INFO: [Synth 8-638] synthesizing module 'clk10kHz' [C:/PRACTICAS SED/pruebas/pruebas.srcs/sources_1/new/clk10khz.vhd:11]
INFO: [Synth 8-256] done synthesizing module 'clk10kHz' (0#1) [C:/PRACTICAS SED/pruebas/pruebas.srcs/sources_1/new/clk10khz.vhd:11]
INFO: [Synth 8-3491] module 'deco' declared at 'C:/PRACTICAS SED/pruebas/pruebas.srcs/sources_1/new/deco.vhd:6' bound to instance 'Inst_deco1' of component 'deco' [C:/PRACTICAS SED/pruebas/pruebas.srcs/sources_1/new/code.vhd:62]
INFO: [Synth 8-638] synthesizing module 'deco' [C:/PRACTICAS SED/pruebas/pruebas.srcs/sources_1/new/deco.vhd:13]
INFO: [Synth 8-256] done synthesizing module 'deco' (0#1) [C:/PRACTICAS SED/pruebas/pruebas.srcs/sources_1/new/deco.vhd:13]
INFO: [Synth 8-3491] module 'deco' declared at 'C:/PRACTICAS SED/pruebas/pruebas.srcs/sources_1/new/deco.vhd:6' bound to instance 'Inst_deco2' of component 'deco' [C:/PRACTICAS SED/pruebas/pruebas.srcs/sources_1/new/code.vhd:66]
INFO: [Synth 8-3491] module 'deco' declared at 'C:/PRACTICAS SED/pruebas/pruebas.srcs/sources_1/new/deco.vhd:6' bound to instance 'Inst_deco3' of component 'deco' [C:/PRACTICAS SED/pruebas/pruebas.srcs/sources_1/new/code.vhd:70]
INFO: [Synth 8-3491] module 'deco' declared at 'C:/PRACTICAS SED/pruebas/pruebas.srcs/sources_1/new/deco.vhd:6' bound to instance 'Inst_deco4' of component 'deco' [C:/PRACTICAS SED/pruebas/pruebas.srcs/sources_1/new/code.vhd:74]
INFO: [Synth 8-3491] module 'deco' declared at 'C:/PRACTICAS SED/pruebas/pruebas.srcs/sources_1/new/deco.vhd:6' bound to instance 'Inst_deco5' of component 'deco' [C:/PRACTICAS SED/pruebas/pruebas.srcs/sources_1/new/code.vhd:78]
INFO: [Synth 8-3491] module 'deco' declared at 'C:/PRACTICAS SED/pruebas/pruebas.srcs/sources_1/new/deco.vhd:6' bound to instance 'Inst_deco6' of component 'deco' [C:/PRACTICAS SED/pruebas/pruebas.srcs/sources_1/new/code.vhd:82]
INFO: [Synth 8-3491] module 'deco' declared at 'C:/PRACTICAS SED/pruebas/pruebas.srcs/sources_1/new/deco.vhd:6' bound to instance 'Inst_deco7' of component 'deco' [C:/PRACTICAS SED/pruebas/pruebas.srcs/sources_1/new/code.vhd:86]
INFO: [Synth 8-3491] module 'deco' declared at 'C:/PRACTICAS SED/pruebas/pruebas.srcs/sources_1/new/deco.vhd:6' bound to instance 'Inst_deco8' of component 'deco' [C:/PRACTICAS SED/pruebas/pruebas.srcs/sources_1/new/code.vhd:90]
INFO: [Synth 8-256] done synthesizing module 'Displays' (0#1) [C:/PRACTICAS SED/pruebas/pruebas.srcs/sources_1/new/code.vhd:24]
INFO: [Synth 8-256] done synthesizing module 'TOP' (0#1) [C:/PRACTICAS SED/pruebas/pruebas.srcs/sources_1/new/TOP.vhd:19]
WARNING: [Synth 8-3848] Net led in module/entity TOP does not have driver. [C:/PRACTICAS SED/pruebas/pruebas.srcs/sources_1/new/TOP.vhd:15]
WARNING: [Synth 8-7129] Port led in module TOP is either unconnected or has no load
---------------------------------------------------------------------------------
Finished RTL Elaboration : Time (s): cpu = 00:00:04 ; elapsed = 00:00:06 . Memory (MB): peak = 1387.207 ; gain = 504.793
---------------------------------------------------------------------------------
---------------------------------------------------------------------------------
Start Handling Custom Attributes
---------------------------------------------------------------------------------
---------------------------------------------------------------------------------
Finished Handling Custom Attributes : Time (s): cpu = 00:00:04 ; elapsed = 00:00:07 . Memory (MB): peak = 1387.207 ; gain = 504.793
---------------------------------------------------------------------------------
---------------------------------------------------------------------------------
Finished RTL Optimization Phase 1 : Time (s): cpu = 00:00:04 ; elapsed = 00:00:07 . Memory (MB): peak = 1387.207 ; gain = 504.793
---------------------------------------------------------------------------------
Netlist sorting complete. Time (s): cpu = 00:00:00 ; elapsed = 00:00:00.004 . Memory (MB): peak = 1387.207 ; gain = 0.000
INFO: [Project 1-570] Preparing netlist for logic optimization

Processing XDC Constraints
Initializing timing engine
Parsing XDC File [C:/PRACTICAS SED/pruebas/pruebas.srcs/constrs_1/imports/PRACTICAS SED/Nexys-4-DDR-Master.xdc]
Finished Parsing XDC File [C:/PRACTICAS SED/pruebas/pruebas.srcs/constrs_1/imports/PRACTICAS SED/Nexys-4-DDR-Master.xdc]
INFO: [Project 1-236] Implementation specific constraints were found while reading constraint file [C:/PRACTICAS SED/pruebas/pruebas.srcs/constrs_1/imports/PRACTICAS SED/Nexys-4-DDR-Master.xdc]. These constraints will be ignored for synthesis but will be used in implementation. Impacted constraints are listed in the file [.Xil/TOP_propImpl.xdc].
Resolution: To avoid this warning, move constraints listed in [.Xil/TOP_propImpl.xdc] to another XDC file and exclude this new file from synthesis with the used_in_synthesis property (File Properties dialog in GUI) and re-run elaboration/synthesis.
Completed Processing XDC Constraints

Netlist sorting complete. Time (s): cpu = 00:00:00 ; elapsed = 00:00:00 . Memory (MB): peak = 1412.254 ; gain = 0.000
INFO: [Project 1-111] Unisim Transformation Summary:
No Unisim elements were transformed.

Constraint Validation Runtime : Time (s): cpu = 00:00:00 ; elapsed = 00:00:00.003 . Memory (MB): peak = 1412.254 ; gain = 0.000
INFO: [Designutils 20-5440] No compile time benefit to using incremental synthesis; A full resynthesis will be run
INFO: [Designutils 20-4379] Flow is switching to default flow due to incremental criteria not met. If you would like to alter this behaviour and have the flow terminate instead, please set the following parameter config_implementation {autoIncr.Synth.RejectBehavior Terminate}
---------------------------------------------------------------------------------
Finished Constraint Validation : Time (s): cpu = 00:00:10 ; elapsed = 00:00:13 . Memory (MB): peak = 1412.254 ; gain = 529.840
---------------------------------------------------------------------------------
---------------------------------------------------------------------------------
Start Loading Part and Timing Information
---------------------------------------------------------------------------------
Loading part: xc7a100tcsg324-1
---------------------------------------------------------------------------------
Finished Loading Part and Timing Information : Time (s): cpu = 00:00:10 ; elapsed = 00:00:13 . Memory (MB): peak = 1412.254 ; gain = 529.840
---------------------------------------------------------------------------------
---------------------------------------------------------------------------------
Start Applying 'set_property' XDC Constraints
---------------------------------------------------------------------------------
---------------------------------------------------------------------------------
Finished applying 'set_property' XDC Constraints : Time (s): cpu = 00:00:10 ; elapsed = 00:00:13 . Memory (MB): peak = 1412.254 ; gain = 529.840
---------------------------------------------------------------------------------
INFO: [Synth 8-802] inferred FSM for state register 'flag_reg' in module 'Displays'
WARNING: [Synth 8-327] inferring latch for variable 'Start_i_reg' [C:/PRACTICAS SED/pruebas/pruebas.srcs/sources_1/new/Contador.vhd:50]
WARNING: [Synth 8-327] inferring latch for variable 'Reset_i_reg' [C:/PRACTICAS SED/pruebas/pruebas.srcs/sources_1/new/Contador.vhd:51]
WARNING: [Synth 8-327] inferring latch for variable 'display7_reg' [C:/PRACTICAS SED/pruebas/pruebas.srcs/sources_1/new/Contador.vhd:107]
WARNING: [Synth 8-327] inferring latch for variable 'display8_reg' [C:/PRACTICAS SED/pruebas/pruebas.srcs/sources_1/new/Contador.vhd:106]
---------------------------------------------------------------------------------------------------
                   State |                     New Encoding |                Previous Encoding 
---------------------------------------------------------------------------------------------------
                  iSTATE |                              000 | 00000000000000000000000000000001
*
                 iSTATE6 |                              001 | 00000000000000000000000000000010
                 iSTATE5 |                              010 | 00000000000000000000000000000011
                 iSTATE4 |                              011 | 00000000000000000000000000000100
                 iSTATE3 |                              100 | 00000000000000000000000000000101
                 iSTATE2 |                              101 | 00000000000000000000000000000110
                 iSTATE1 |                              110 | 00000000000000000000000000000111
                 iSTATE0 |                              111 | 00000000000000000000000000001000
---------------------------------------------------------------------------------------------------
INFO: [Synth 8-3354] encoded FSM with state register 'flag_reg' using encoding 'sequential' in module 'Displays'
---------------------------------------------------------------------------------
Finished RTL Optimization Phase 2 : Time (s): cpu = 00:00:10 ; elapsed = 00:00:13 . Memory (MB): peak = 1412.254 ; gain = 529.840
---------------------------------------------------------------------------------
---------------------------------------------------------------------------------
Start RTL Component Statistics 
---------------------------------------------------------------------------------
Detailed RTL Component Info : 
+---Adders : 
	   2 Input   26 Bit       Adders := 1     
	   2 Input   13 Bit       Adders := 1     
	   2 Input    4 Bit       Adders := 8     
+---Registers : 
	               26 Bit    Registers := 1     
	               13 Bit    Registers := 1     
	                8 Bit    Registers := 1     
	                7 Bit    Registers := 1     
	                4 Bit    Registers := 4     
	                3 Bit    Registers := 4     
	                2 Bit    Registers := 4     
	                1 Bit    Registers := 6     
+---Muxes : 
	   8 Input    8 Bit        Muxes := 1     
	   8 Input    7 Bit        Muxes := 1     
	   2 Input    4 Bit        Muxes := 4     
	   8 Input    3 Bit        Muxes := 1     
	   2 Input    1 Bit        Muxes := 5     
---------------------------------------------------------------------------------
Finished RTL Component Statistics 
---------------------------------------------------------------------------------
---------------------------------------------------------------------------------
Start Part Resource Summary
---------------------------------------------------------------------------------
Part Resources:
DSPs: 240 (col length:80)
BRAMs: 270 (col length: RAMB18 80 RAMB36 40)
---------------------------------------------------------------------------------
Finished Part Resource Summary
---------------------------------------------------------------------------------
---------------------------------------------------------------------------------
Start Cross Boundary and Area Optimization
---------------------------------------------------------------------------------
WARNING: [Synth 8-7080] Parallel synthesis criteria is not met
WARNING: [Synth 8-7129] Port led in module TOP is either unconnected or has no load
WARNING: [Synth 8-3332] Sequential element (Crono1/display7_reg[3]) is unused and will be removed from module TOP.
WARNING: [Synth 8-3332] Sequential element (Crono1/display7_reg[2]) is unused and will be removed from module TOP.
WARNING: [Synth 8-3332] Sequential element (Crono1/display7_reg[1]) is unused and will be removed from module TOP.
WARNING: [Synth 8-3332] Sequential element (Crono1/display7_reg[0]) is unused and will be removed from module TOP.
WARNING: [Synth 8-3332] Sequential element (Crono1/display8_reg[3]) is unused and will be removed from module TOP.
WARNING: [Synth 8-3332] Sequential element (Crono1/display8_reg[2]) is unused and will be removed from module TOP.
WARNING: [Synth 8-3332] Sequential element (Crono1/display8_reg[1]) is unused and will be removed from module TOP.
WARNING: [Synth 8-3332] Sequential element (Crono1/display8_reg[0]) is unused and will be removed from module TOP.
---------------------------------------------------------------------------------
Finished Cross Boundary and Area Optimization : Time (s): cpu = 00:00:12 ; elapsed = 00:00:15 . Memory (MB): peak = 1412.254 ; gain = 529.840
---------------------------------------------------------------------------------
---------------------------------------------------------------------------------
Start Applying XDC Timing Constraints
---------------------------------------------------------------------------------
---------------------------------------------------------------------------------
Finished Applying XDC Timing Constraints : Time (s): cpu = 00:00:16 ; elapsed = 00:00:20 . Memory (MB): peak = 1412.254 ; gain = 529.840
---------------------------------------------------------------------------------
---------------------------------------------------------------------------------
Start Timing Optimization
---------------------------------------------------------------------------------
---------------------------------------------------------------------------------
Finished Timing Optimization : Time (s): cpu = 00:00:16 ; elapsed = 00:00:20 . Memory (MB): peak = 1412.254 ; gain = 529.840
---------------------------------------------------------------------------------
---------------------------------------------------------------------------------
Start Technology Mapping
---------------------------------------------------------------------------------
---------------------------------------------------------------------------------
Finished Technology Mapping : Time (s): cpu = 00:00:16 ; elapsed = 00:00:20 . Memory (MB): peak = 1412.254 ; gain = 529.840
---------------------------------------------------------------------------------
---------------------------------------------------------------------------------
Start IO Insertion
---------------------------------------------------------------------------------
---------------------------------------------------------------------------------
Start Flattening Before IO Insertion
---------------------------------------------------------------------------------
---------------------------------------------------------------------------------
Finished Flattening Before IO Insertion
---------------------------------------------------------------------------------
---------------------------------------------------------------------------------
Start Final Netlist Cleanup
---------------------------------------------------------------------------------
---------------------------------------------------------------------------------
Finished Final Netlist Cleanup
---------------------------------------------------------------------------------
---------------------------------------------------------------------------------
Finished IO Insertion : Time (s): cpu = 00:00:19 ; elapsed = 00:00:24 . Memory (MB): peak = 1412.254 ; gain = 529.840
---------------------------------------------------------------------------------
---------------------------------------------------------------------------------
Start Renaming Generated Instances
---------------------------------------------------------------------------------
---------------------------------------------------------------------------------
Finished Renaming Generated Instances : Time (s): cpu = 00:00:19 ; elapsed = 00:00:24 . Memory (MB): peak = 1412.254 ; gain = 529.840
---------------------------------------------------------------------------------
---------------------------------------------------------------------------------
Start Rebuilding User Hierarchy
---------------------------------------------------------------------------------
---------------------------------------------------------------------------------
Finished Rebuilding User Hierarchy : Time (s): cpu = 00:00:19 ; elapsed = 00:00:24 . Memory (MB): peak = 1412.254 ; gain = 529.840
---------------------------------------------------------------------------------
---------------------------------------------------------------------------------
Start Renaming Generated Ports
---------------------------------------------------------------------------------
---------------------------------------------------------------------------------
Finished Renaming Generated Ports : Time (s): cpu = 00:00:19 ; elapsed = 00:00:24 . Memory (MB): peak = 1412.254 ; gain = 529.840
---------------------------------------------------------------------------------
---------------------------------------------------------------------------------
Start Handling Custom Attributes
---------------------------------------------------------------------------------
---------------------------------------------------------------------------------
Finished Handling Custom Attributes : Time (s): cpu = 00:00:19 ; elapsed = 00:00:24 . Memory (MB): peak = 1412.254 ; gain = 529.840
---------------------------------------------------------------------------------
---------------------------------------------------------------------------------
Start Renaming Generated Nets
---------------------------------------------------------------------------------
---------------------------------------------------------------------------------
Finished Renaming Generated Nets : Time (s): cpu = 00:00:19 ; elapsed = 00:00:24 . Memory (MB): peak = 1412.254 ; gain = 529.840
---------------------------------------------------------------------------------
---------------------------------------------------------------------------------
Start ROM, RAM, DSP, Shift Register and Retiming Reporting
---------------------------------------------------------------------------------

Static Shift Register Report:
+------------+---------------------------------------------+--------+-------+--------------+--------------------+-------------------+--------+---------+
|Module Name | RTL Name                                    | Length | Width | Reset Signal | Pull out first Reg | Pull out last Reg | SRL16E | SRLC32E | 
+------------+---------------------------------------------+--------+-------+--------------+--------------------+-------------------+--------+---------+
|TOP         | GestorEntradas1/DetectorFlanco/sreg_reg[0]  | 4      | 1     | NO           | YES                | YES               | 1      | 0       | 
|TOP         | GestorEntradas1/DetectorFlanco2/sreg_reg[0] | 4      | 1     | NO           | YES                | YES               | 1      | 0       | 
|TOP         | GestorEntradas1/DetectorFlanco3/sreg_reg[0] | 4      | 1     | NO           | YES                | YES               | 1      | 0       | 
+------------+---------------------------------------------+--------+-------+--------------+--------------------+-------------------+--------+---------+

---------------------------------------------------------------------------------
Finished ROM, RAM, DSP, Shift Register and Retiming Reporting
---------------------------------------------------------------------------------
---------------------------------------------------------------------------------
Start Writing Synthesis Report
---------------------------------------------------------------------------------

Report BlackBoxes: 
+-+--------------+----------+
| |BlackBox name |Instances |
+-+--------------+----------+
+-+--------------+----------+

Report Cell Usage: 
+------+-------+------+
|      |Cell   |Count |
+------+-------+------+
|1     |BUFG   |     1|
|2     |CARRY4 |    10|
|3     |LUT1   |     7|
|4     |LUT2   |    10|
|5     |LUT3   |     6|
|6     |LUT4   |    30|
|7     |LUT5   |     7|
|8     |LUT6   |    22|
|9     |MUXF7  |     2|
|10    |SRL16E |     3|
|11    |FDCE   |    16|
|12    |FDRE   |    61|
|13    |FDSE   |    10|
|14    |LDC    |     1|
|15    |LDP    |     1|
|16    |IBUF   |     4|
|17    |OBUF   |    15|
|18    |OBUFT  |     1|
+------+-------+------+
---------------------------------------------------------------------------------
Finished Writing Synthesis Report : Time (s): cpu = 00:00:19 ; elapsed = 00:00:24 . Memory (MB): peak = 1412.254 ; gain = 529.840
---------------------------------------------------------------------------------
Synthesis finished with 0 errors, 0 critical warnings and 14 warnings.
Synthesis Optimization Runtime : Time (s): cpu = 00:00:13 ; elapsed = 00:00:22 . Memory (MB): peak = 1412.254 ; gain = 504.793
Synthesis Optimization Complete : Time (s): cpu = 00:00:19 ; elapsed = 00:00:24 . Memory (MB): peak = 1412.254 ; gain = 529.840
INFO: [Project 1-571] Translating synthesized netlist
Netlist sorting complete. Time (s): cpu = 00:00:00 ; elapsed = 00:00:00.001 . Memory (MB): peak = 1422.473 ; gain = 0.000
INFO: [Netlist 29-17] Analyzing 14 Unisim elements for replacement
INFO: [Netlist 29-28] Unisim Transformation completed in 0 CPU seconds
INFO: [Project 1-570] Preparing netlist for logic optimization
INFO: [Opt 31-138] Pushed 0 inverter(s) to 0 load pin(s).
Netlist sorting complete. Time (s): cpu = 00:00:00 ; elapsed = 00:00:00 . Memory (MB): peak = 1430.113 ; gain = 0.000
INFO: [Project 1-111] Unisim Transformation Summary:
  A total of 2 instances were transformed.
  LDC => LDCE: 1 instance 
  LDP => LDPE: 1 instance 

Synth Design complete | Checksum: d5565b3f
INFO: [Common 17-83] Releasing license: Synthesis
62 Infos, 16 Warnings, 0 Critical Warnings and 0 Errors encountered.
synth_design completed successfully
synth_design: Time (s): cpu = 00:00:22 ; elapsed = 00:00:36 . Memory (MB): peak = 1430.113 ; gain = 944.445
INFO: [Common 17-1381] The checkpoint 'C:/PRACTICAS SED/pruebas/pruebas.runs/synth_1/TOP.dcp' has been generated.
INFO: [runtcl-4] Executing : report_utilization -file TOP_utilization_synth.rpt -pb TOP_utilization_synth.pb
INFO: [Common 17-206] Exiting Vivado at Thu Dec 21 11:36:15 2023...
